

Microchip MPLAB XC8 Assembler V2.10 build 88905656 
                                                                                               Fri Jun  5 05:23:02 2020

Microchip MPLAB XC8 C Compiler v2.10 (Free license) build 20190730164152 Og1 
     1                           	processor	16F877A
     2                           	opt	pw 120
     3                           	opt	flic
     4                           	psect	idataCOMMON,global,class=CODE,delta=2
     5                           	psect	nvCOMMON,global,class=COMMON,space=1,delta=1
     6                           	psect	cinit,global,class=CODE,merge=1,delta=2
     7                           	psect	bssCOMMON,global,class=COMMON,space=1,delta=1
     8                           	psect	dataCOMMON,global,class=COMMON,space=1,delta=1
     9                           	psect	bssBANK0,global,class=BANK0,space=1,delta=1
    10                           	psect	cstackCOMMON,global,class=COMMON,space=1,delta=1
    11                           	psect	cstackBANK0,global,class=BANK0,space=1,delta=1
    12                           	psect	maintext,global,class=CODE,split=1,delta=2
    13                           	psect	text1,local,class=CODE,merge=1,delta=2
    14                           	psect	text2,local,class=CODE,merge=1,delta=2
    15                           	psect	text3,local,class=CODE,merge=1,delta=2
    16                           	psect	text4,local,class=CODE,merge=1,delta=2
    17                           	psect	text5,local,class=CODE,merge=1,delta=2
    18                           	psect	intentry,global,class=CODE,delta=2
    19                           	dabs	1,0x7E,2
    20  0000                     
    21                           ; Version 2.10
    22                           ; Generated 31/07/2019 GMT
    23                           ; 
    24                           ; Copyright © 2019, Microchip Technology Inc. and its subsidiaries ("Microchip")
    25                           ; All rights reserved.
    26                           ; 
    27                           ; This software is developed by Microchip Technology Inc. and its subsidiaries ("Microch
      +                          ip").
    28                           ; 
    29                           ; Redistribution and use in source and binary forms, with or without modification, are
    30                           ; permitted provided that the following conditions are met:
    31                           ; 
    32                           ;     1. Redistributions of source code must retain the above copyright notice, this lis
      +                          t of
    33                           ;        conditions and the following disclaimer.
    34                           ; 
    35                           ;     2. Redistributions in binary form must reproduce the above copyright notice, this 
      +                          list
    36                           ;        of conditions and the following disclaimer in the documentation and/or other
    37                           ;        materials provided with the distribution.
    38                           ; 
    39                           ;     3. Microchip's name may not be used to endorse or promote products derived from th
      +                          is
    40                           ;        software without specific prior written permission.
    41                           ; 
    42                           ; THIS SOFTWARE IS PROVIDED BY MICROCHIP "AS IS" AND ANY EXPRESS OR IMPLIED WARRANTIES,
    43                           ; INCLUDING, BUT NOT LIMITED TO, THE IMPLIED WARRANTIES OF MERCHANTABILITY AND FITNESS F
      +                          OR
    44                           ; PURPOSE ARE DISCLAIMED.  IN NO EVENT SHALL MICROCHIP BE LIABLE FOR ANY DIRECT, INDIREC
      +                          T,
    45                           ; INCIDENTAL, SPECIAL, EXEMPLARY, OR CONSEQUENTIAL DAMAGES (INCLUDING BUT NOT LIMITED TO
    46                           ; PROCUREMENT OF SUBSTITUTE GOODS OR SERVICES; LOSS OF USE, DATA OR PROFITS; OR BUSINESS
    47                           ; INTERRUPTION) HOWSOEVER CAUSED AND ON ANY THEORY OF LIABILITY, WHETHER IN CONTRACT, ST
      +                          RICT
    48                           ; LIABILITY, OR TORT (INCLUDING NEGLIGENCE OR OTHERWISE) ARISING IN ANY WAY OUT OF THE U
      +                          SE OF
    49                           ; THIS SOFTWARE, EVEN IF ADVISED OF THE POSSIBILITY OF SUCH DAMAGE.
    50                           ; 
    51                           ; 
    52                           ; Code-generator required, PIC16F877A Definitions
    53                           ; 
    54                           ; SFR Addresses
    55  0000                     	;# 
    56  0001                     	;# 
    57  0002                     	;# 
    58  0003                     	;# 
    59  0004                     	;# 
    60  0005                     	;# 
    61  0006                     	;# 
    62  0007                     	;# 
    63  0008                     	;# 
    64  0009                     	;# 
    65  000A                     	;# 
    66  000B                     	;# 
    67  000C                     	;# 
    68  000D                     	;# 
    69  000E                     	;# 
    70  000E                     	;# 
    71  000F                     	;# 
    72  0010                     	;# 
    73  0011                     	;# 
    74  0012                     	;# 
    75  0013                     	;# 
    76  0014                     	;# 
    77  0015                     	;# 
    78  0015                     	;# 
    79  0016                     	;# 
    80  0017                     	;# 
    81  0018                     	;# 
    82  0019                     	;# 
    83  001A                     	;# 
    84  001B                     	;# 
    85  001B                     	;# 
    86  001C                     	;# 
    87  001D                     	;# 
    88  001E                     	;# 
    89  001F                     	;# 
    90  0081                     	;# 
    91  0085                     	;# 
    92  0086                     	;# 
    93  0087                     	;# 
    94  0088                     	;# 
    95  0089                     	;# 
    96  008C                     	;# 
    97  008D                     	;# 
    98  008E                     	;# 
    99  0091                     	;# 
   100  0092                     	;# 
   101  0093                     	;# 
   102  0094                     	;# 
   103  0098                     	;# 
   104  0099                     	;# 
   105  009C                     	;# 
   106  009D                     	;# 
   107  009E                     	;# 
   108  009F                     	;# 
   109  010C                     	;# 
   110  010D                     	;# 
   111  010E                     	;# 
   112  010F                     	;# 
   113  018C                     	;# 
   114  018D                     	;# 
   115  0000                     	;# 
   116  0001                     	;# 
   117  0002                     	;# 
   118  0003                     	;# 
   119  0004                     	;# 
   120  0005                     	;# 
   121  0006                     	;# 
   122  0007                     	;# 
   123  0008                     	;# 
   124  0009                     	;# 
   125  000A                     	;# 
   126  000B                     	;# 
   127  000C                     	;# 
   128  000D                     	;# 
   129  000E                     	;# 
   130  000E                     	;# 
   131  000F                     	;# 
   132  0010                     	;# 
   133  0011                     	;# 
   134  0012                     	;# 
   135  0013                     	;# 
   136  0014                     	;# 
   137  0015                     	;# 
   138  0015                     	;# 
   139  0016                     	;# 
   140  0017                     	;# 
   141  0018                     	;# 
   142  0019                     	;# 
   143  001A                     	;# 
   144  001B                     	;# 
   145  001B                     	;# 
   146  001C                     	;# 
   147  001D                     	;# 
   148  001E                     	;# 
   149  001F                     	;# 
   150  0081                     	;# 
   151  0085                     	;# 
   152  0086                     	;# 
   153  0087                     	;# 
   154  0088                     	;# 
   155  0089                     	;# 
   156  008C                     	;# 
   157  008D                     	;# 
   158  008E                     	;# 
   159  0091                     	;# 
   160  0092                     	;# 
   161  0093                     	;# 
   162  0094                     	;# 
   163  0098                     	;# 
   164  0099                     	;# 
   165  009C                     	;# 
   166  009D                     	;# 
   167  009E                     	;# 
   168  009F                     	;# 
   169  010C                     	;# 
   170  010D                     	;# 
   171  010E                     	;# 
   172  010F                     	;# 
   173  018C                     	;# 
   174  018D                     	;# 
   175  0000                     	;# 
   176  0001                     	;# 
   177  0002                     	;# 
   178  0003                     	;# 
   179  0004                     	;# 
   180  0005                     	;# 
   181  0006                     	;# 
   182  0007                     	;# 
   183  0008                     	;# 
   184  0009                     	;# 
   185  000A                     	;# 
   186  000B                     	;# 
   187  000C                     	;# 
   188  000D                     	;# 
   189  000E                     	;# 
   190  000E                     	;# 
   191  000F                     	;# 
   192  0010                     	;# 
   193  0011                     	;# 
   194  0012                     	;# 
   195  0013                     	;# 
   196  0014                     	;# 
   197  0015                     	;# 
   198  0015                     	;# 
   199  0016                     	;# 
   200  0017                     	;# 
   201  0018                     	;# 
   202  0019                     	;# 
   203  001A                     	;# 
   204  001B                     	;# 
   205  001B                     	;# 
   206  001C                     	;# 
   207  001D                     	;# 
   208  001E                     	;# 
   209  001F                     	;# 
   210  0081                     	;# 
   211  0085                     	;# 
   212  0086                     	;# 
   213  0087                     	;# 
   214  0088                     	;# 
   215  0089                     	;# 
   216  008C                     	;# 
   217  008D                     	;# 
   218  008E                     	;# 
   219  0091                     	;# 
   220  0092                     	;# 
   221  0093                     	;# 
   222  0094                     	;# 
   223  0098                     	;# 
   224  0099                     	;# 
   225  009C                     	;# 
   226  009D                     	;# 
   227  009E                     	;# 
   228  009F                     	;# 
   229  010C                     	;# 
   230  010D                     	;# 
   231  010E                     	;# 
   232  010F                     	;# 
   233  018C                     	;# 
   234  018D                     	;# 
   235  0000                     	;# 
   236  0001                     	;# 
   237  0002                     	;# 
   238  0003                     	;# 
   239  0004                     	;# 
   240  0005                     	;# 
   241  0006                     	;# 
   242  0007                     	;# 
   243  0008                     	;# 
   244  0009                     	;# 
   245  000A                     	;# 
   246  000B                     	;# 
   247  000C                     	;# 
   248  000D                     	;# 
   249  000E                     	;# 
   250  000E                     	;# 
   251  000F                     	;# 
   252  0010                     	;# 
   253  0011                     	;# 
   254  0012                     	;# 
   255  0013                     	;# 
   256  0014                     	;# 
   257  0015                     	;# 
   258  0015                     	;# 
   259  0016                     	;# 
   260  0017                     	;# 
   261  0018                     	;# 
   262  0019                     	;# 
   263  001A                     	;# 
   264  001B                     	;# 
   265  001B                     	;# 
   266  001C                     	;# 
   267  001D                     	;# 
   268  001E                     	;# 
   269  001F                     	;# 
   270  0081                     	;# 
   271  0085                     	;# 
   272  0086                     	;# 
   273  0087                     	;# 
   274  0088                     	;# 
   275  0089                     	;# 
   276  008C                     	;# 
   277  008D                     	;# 
   278  008E                     	;# 
   279  0091                     	;# 
   280  0092                     	;# 
   281  0093                     	;# 
   282  0094                     	;# 
   283  0098                     	;# 
   284  0099                     	;# 
   285  009C                     	;# 
   286  009D                     	;# 
   287  009E                     	;# 
   288  009F                     	;# 
   289  010C                     	;# 
   290  010D                     	;# 
   291  010E                     	;# 
   292  010F                     	;# 
   293  018C                     	;# 
   294  018D                     	;# 
   295  0000                     	;# 
   296  0001                     	;# 
   297  0002                     	;# 
   298  0003                     	;# 
   299  0004                     	;# 
   300  0005                     	;# 
   301  0006                     	;# 
   302  0007                     	;# 
   303  0008                     	;# 
   304  0009                     	;# 
   305  000A                     	;# 
   306  000B                     	;# 
   307  000C                     	;# 
   308  000D                     	;# 
   309  000E                     	;# 
   310  000E                     	;# 
   311  000F                     	;# 
   312  0010                     	;# 
   313  0011                     	;# 
   314  0012                     	;# 
   315  0013                     	;# 
   316  0014                     	;# 
   317  0015                     	;# 
   318  0015                     	;# 
   319  0016                     	;# 
   320  0017                     	;# 
   321  0018                     	;# 
   322  0019                     	;# 
   323  001A                     	;# 
   324  001B                     	;# 
   325  001B                     	;# 
   326  001C                     	;# 
   327  001D                     	;# 
   328  001E                     	;# 
   329  001F                     	;# 
   330  0081                     	;# 
   331  0085                     	;# 
   332  0086                     	;# 
   333  0087                     	;# 
   334  0088                     	;# 
   335  0089                     	;# 
   336  008C                     	;# 
   337  008D                     	;# 
   338  008E                     	;# 
   339  0091                     	;# 
   340  0092                     	;# 
   341  0093                     	;# 
   342  0094                     	;# 
   343  0098                     	;# 
   344  0099                     	;# 
   345  009C                     	;# 
   346  009D                     	;# 
   347  009E                     	;# 
   348  009F                     	;# 
   349  010C                     	;# 
   350  010D                     	;# 
   351  010E                     	;# 
   352  010F                     	;# 
   353  018C                     	;# 
   354  018D                     	;# 
   355                           
   356                           	psect	idataCOMMON
   357  00DF                     __pidataCOMMON:	
   358                           
   359                           ;initializer for _cur_duty
   360  00DF  340A               	retlw	10
   361  00E0  3400               	retlw	0
   362                           
   363                           ;initializer for read_digital_keypad@once
   364  00E1  3401               	retlw	1
   365                           
   366                           	psect	nvCOMMON
   367  0078                     __pnvCOMMON:	
   368  0078                     _key:	
   369  0078                     	ds	1
   370  0006                     _PORTB	set	6
   371  0008                     _PORTD	set	8
   372  0061                     _TMR2IF	set	97
   373  0092                     _TMR2ON	set	146
   374  0091                     _T2CKPS1	set	145
   375  0090                     _T2CKPS0	set	144
   376  005F                     _GIE	set	95
   377  005E                     _PEIE	set	94
   378  0040                     _RD0	set	64
   379  0086                     _TRISB	set	134
   380  0092                     _PR2	set	146
   381  0088                     _TRISD	set	136
   382  0461                     _TMR2IE	set	1121
   383                           
   384                           ; #config settings
   385  0000                     
   386                           	psect	cinit
   387  000F                     start_initialization:	
   388  000F                     __initialization:	
   389                           
   390                           ; Initialize objects allocated to COMMON
   391  000F  120A  118A  20DF  120A  118A  	fcall	__pidataCOMMON	;fetch initializer
   392  0014  00F5               	movwf	__pdataCOMMON& (0+127)
   393  0015  120A  118A  20E0  120A  118A  	fcall	__pidataCOMMON+1	;fetch initializer
   394  001A  00F6               	movwf	(__pdataCOMMON+1)& (0+127)
   395  001B  120A  118A  20E1  120A  118A  	fcall	__pidataCOMMON+2	;fetch initializer
   396  0020  00F7               	movwf	(__pdataCOMMON+2)& (0+127)
   397                           
   398                           ; Clear objects allocated to BANK0
   399  0021  01A0               	clrf	__pbssBANK0& (0+127)
   400  0022  01A1               	clrf	(__pbssBANK0+1)& (0+127)
   401                           
   402                           ; Clear objects allocated to COMMON
   403  0023  01F9               	clrf	__pbssCOMMON& (0+127)
   404  0024                     end_of_initialization:	
   405                           ;End of C runtime variable initialization code
   406                           
   407  0024                     __end_of__initialization:	
   408  0024  0183               	clrf	3
   409  0025  120A  118A  2828   	ljmp	_main	;jump to C main() function
   410                           
   411                           	psect	bssCOMMON
   412  0079                     __pbssCOMMON:	
   413  0079                     _loop_count:	
   414  0079                     	ds	1
   415                           
   416                           	psect	dataCOMMON
   417  0075                     __pdataCOMMON:	
   418  0075                     _cur_duty:	
   419  0075                     	ds	2
   420  0077                     read_digital_keypad@once:	
   421  0077                     	ds	1
   422                           
   423                           	psect	bssBANK0
   424  0020                     __pbssBANK0:	
   425  0020                     isr@wait:	
   426  0020                     	ds	2
   427                           
   428                           	psect	cstackCOMMON
   429  0070                     __pcstackCOMMON:	
   430  0070                     ?_init_digital_keypad:	
   431  0070                     ?_init_timer2:	
   432                           ; 1 bytes @ 0x0
   433                           
   434  0070                     ?_read_digital_keypad:	
   435                           ; 1 bytes @ 0x0
   436                           
   437  0070                     ?_init_config:	
   438                           ; 1 bytes @ 0x0
   439                           
   440  0070                     ?_main:	
   441                           ; 1 bytes @ 0x0
   442                           
   443  0070                     ?_isr:	
   444                           ; 1 bytes @ 0x0
   445                           
   446  0070                     ??_isr:	
   447                           ; 1 bytes @ 0x0
   448                           
   449                           
   450                           ; 1 bytes @ 0x0
   451  0070                     	ds	3
   452  0073                     ??_init_digital_keypad:	
   453  0073                     ??_init_timer2:	
   454                           ; 1 bytes @ 0x3
   455                           
   456  0073                     ??_read_digital_keypad:	
   457                           ; 1 bytes @ 0x3
   458                           
   459  0073                     ??_init_config:	
   460                           ; 1 bytes @ 0x3
   461                           
   462                           
   463                           ; 1 bytes @ 0x3
   464  0073                     	ds	1
   465  0074                     read_digital_keypad@mode:	
   466                           
   467                           ; 1 bytes @ 0x4
   468  0074                     	ds	1
   469                           
   470                           	psect	cstackBANK0
   471  0022                     __pcstackBANK0:	
   472  0022                     ??_main:	
   473                           
   474                           ; 1 bytes @ 0x0
   475  0022                     	ds	2
   476                           
   477                           	psect	maintext
   478  0028                     __pmaintext:	
   479 ;;
   480 ;;Main: autosize = 0, tempsize = 2, incstack = 0, save=0
   481 ;;
   482 ;; *************** function _main *****************
   483 ;; Defined at:
   484 ;;		line 31 in file "main.c"
   485 ;; Parameters:    Size  Location     Type
   486 ;;		None
   487 ;; Auto vars:     Size  Location     Type
   488 ;;  wait            2    0        unsigned int 
   489 ;; Return value:  Size  Location     Type
   490 ;;                  1    wreg      void 
   491 ;; Registers used:
   492 ;;		wreg, status,2, status,0, pclath, cstack
   493 ;; Tracked objects:
   494 ;;		On entry : B00/0
   495 ;;		On exit  : 0/0
   496 ;;		Unchanged: 0/0
   497 ;; Data sizes:     COMMON   BANK0   BANK1   BANK3   BANK2
   498 ;;      Params:         0       0       0       0       0
   499 ;;      Locals:         0       2       0       0       0
   500 ;;      Temps:          0       2       0       0       0
   501 ;;      Totals:         0       4       0       0       0
   502 ;;Total ram usage:        4 bytes
   503 ;; Hardware stack levels required when called:    3
   504 ;; This function calls:
   505 ;;		_init_config
   506 ;;		_read_digital_keypad
   507 ;; This function is called by:
   508 ;;		Startup code after reset
   509 ;; This function uses a non-reentrant model
   510 ;;
   511                           
   512                           
   513                           ;psect for function _main
   514  0028                     _main:	
   515  0028                     l813:	
   516                           ;incstack = 0
   517                           ; Regs used in _main: [wreg+status,2+status,0+pclath+cstack]
   518                           
   519  0028                     l815:	
   520                           
   521                           ;main.c: 33:             {
   522  0028  120A  118A  20B6  120A  118A  	fcall	_init_config
   523  002D                     l817:	
   524                           
   525                           ;main.c: 36:             }
   526  002D  3000               	movlw	0
   527  002E  120A  118A  2073  120A  118A  	fcall	_read_digital_keypad
   528  0033  1283               	bcf	3,5	;RP0=0, select bank0
   529  0034  1303               	bcf	3,6	;RP1=0, select bank0
   530  0035  00A2               	movwf	??_main
   531  0036  0822               	movf	??_main,w
   532  0037  00F8               	movwf	_key
   533  0038                     l819:	
   534                           
   535                           ;main.c: 37:         }
   536  0038  0879               	movf	_loop_count,w
   537  0039  00A2               	movwf	??_main
   538  003A  01A3               	clrf	??_main+1
   539  003B  0823               	movf	??_main+1,w
   540  003C  0276               	subwf	_cur_duty+1,w
   541  003D  1D03               	skipz
   542  003E  2841               	goto	u185
   543  003F  0822               	movf	??_main,w
   544  0040  0275               	subwf	_cur_duty,w
   545  0041                     u185:	
   546  0041  1C03               	skipc
   547  0042  2844               	goto	u181
   548  0043  2845               	goto	u180
   549  0044                     u181:	
   550  0044  2847               	goto	l31
   551  0045                     u180:	
   552  0045                     l821:	
   553                           
   554                           ;main.c: 38:         else if(key == 0x3D);main.c: 39:         {
   555  0045  1408               	bsf	8,0	;volatile
   556                           
   557                           ;main.c: 40:             if(cur_duty != 0)
   558  0046  2848               	goto	l823
   559  0047                     l31:	
   560                           ;main.c: 41:             {
   561                           
   562                           
   563                           ;main.c: 42:                 cur_duty--;;main.c: 43: 
   564  0047  1008               	bcf	8,0	;volatile
   565  0048                     l823:	
   566                           
   567                           ;main.c: 45:         }
   568  0048  303E               	movlw	62
   569  0049  0678               	xorwf	_key,w
   570  004A  1D03               	btfss	3,2
   571  004B  284D               	goto	u191
   572  004C  284E               	goto	u190
   573  004D                     u191:	
   574  004D  285C               	goto	l829
   575  004E                     u190:	
   576  004E                     l825:	
   577                           
   578                           ;main.c: 46:     };main.c: 47:     return;
   579  004E  3064               	movlw	100
   580  004F  0675               	xorwf	_cur_duty,w
   581  0050  0476               	iorwf	_cur_duty+1,w
   582  0051  1903               	btfsc	3,2
   583  0052  2854               	goto	u201
   584  0053  2855               	goto	u200
   585  0054                     u201:	
   586  0054  282D               	goto	l817
   587  0055                     u200:	
   588  0055                     l827:	
   589                           
   590                           ;main.c: 48: }
   591  0055  3001               	movlw	1
   592  0056  07F5               	addwf	_cur_duty,f
   593  0057  1803               	skipnc
   594  0058  0AF6               	incf	_cur_duty+1,f
   595  0059  3000               	movlw	0
   596  005A  07F6               	addwf	_cur_duty+1,f
   597  005B  282D               	goto	l817
   598  005C                     l829:	
   599  005C  303D               	movlw	61
   600  005D  0678               	xorwf	_key,w
   601  005E  1D03               	btfss	3,2
   602  005F  2861               	goto	u211
   603  0060  2862               	goto	u210
   604  0061                     u211:	
   605  0061  282D               	goto	l817
   606  0062                     u210:	
   607  0062                     l831:	
   608  0062  0875               	movf	_cur_duty,w
   609  0063  0476               	iorwf	_cur_duty+1,w
   610  0064  1903               	btfsc	3,2
   611  0065  2867               	goto	u221
   612  0066  2868               	goto	u220
   613  0067                     u221:	
   614  0067  286F               	goto	l35
   615  0068                     u220:	
   616  0068                     l833:	
   617  0068  3001               	movlw	1
   618  0069  02F5               	subwf	_cur_duty,f
   619  006A  3000               	movlw	0
   620  006B  1C03               	skipc
   621  006C  03F6               	decf	_cur_duty+1,f
   622  006D  02F6               	subwf	_cur_duty+1,f
   623  006E  282D               	goto	l817
   624  006F                     l35:	
   625  006F  282D               	goto	l817
   626  0070  120A  118A  280C   	ljmp	start
   627  0073                     __end_of_main:	
   628                           
   629                           	psect	text1
   630  0073                     __ptext1:	
   631 ;; *************** function _read_digital_keypad *****************
   632 ;; Defined at:
   633 ;;		line 11 in file "Digital_keypad.c"
   634 ;; Parameters:    Size  Location     Type
   635 ;;  mode            1    wreg     unsigned char 
   636 ;; Auto vars:     Size  Location     Type
   637 ;;  mode            1    4[COMMON] unsigned char 
   638 ;; Return value:  Size  Location     Type
   639 ;;                  1    wreg      unsigned char 
   640 ;; Registers used:
   641 ;;		wreg, status,2, status,0
   642 ;; Tracked objects:
   643 ;;		On entry : 0/0
   644 ;;		On exit  : 0/0
   645 ;;		Unchanged: 0/0
   646 ;; Data sizes:     COMMON   BANK0   BANK1   BANK3   BANK2
   647 ;;      Params:         0       0       0       0       0
   648 ;;      Locals:         1       0       0       0       0
   649 ;;      Temps:          1       0       0       0       0
   650 ;;      Totals:         2       0       0       0       0
   651 ;;Total ram usage:        2 bytes
   652 ;; Hardware stack levels used:    1
   653 ;; Hardware stack levels required when called:    1
   654 ;; This function calls:
   655 ;;		Nothing
   656 ;; This function is called by:
   657 ;;		_main
   658 ;; This function uses a non-reentrant model
   659 ;;
   660                           
   661                           
   662                           ;psect for function _read_digital_keypad
   663  0073                     _read_digital_keypad:	
   664                           
   665                           ;incstack = 0
   666                           ; Regs used in _read_digital_keypad: [wreg+status,2+status,0]
   667                           ;read_digital_keypad@mode stored from wreg
   668  0073  00F4               	movwf	read_digital_keypad@mode
   669  0074                     l785:	
   670                           
   671                           ;Digital_keypad.c: 11: unsigned char read_digital_keypad(unsigned char mode);Digital_key
      +                          pad.c: 12: {;Digital_keypad.c: 13:     static unsigned char once = 1;;Digital_keypad.c: 
      +                          14:     if(mode == 0)
   672  0074  0874               	movf	read_digital_keypad@mode,w
   673  0075  1D03               	btfss	3,2
   674  0076  2878               	goto	u141
   675  0077  2879               	goto	u140
   676  0078                     u141:	
   677  0078  287E               	goto	l793
   678  0079                     u140:	
   679  0079                     l787:	
   680                           
   681                           ;Digital_keypad.c: 15:     {;Digital_keypad.c: 16:         return PORTB & 0x3F;
   682  0079  1283               	bcf	3,5	;RP0=0, select bank0
   683  007A  1303               	bcf	3,6	;RP1=0, select bank0
   684  007B  0806               	movf	6,w	;volatile
   685  007C  393F               	andlw	63
   686  007D  289C               	goto	l79
   687  007E                     l793:	
   688                           
   689                           ;Digital_keypad.c: 19:     {;Digital_keypad.c: 20:         if(((PORTB & 0x3F) != 0x3F) &
      +                          & once)
   690  007E  303F               	movlw	63
   691  007F  1283               	bcf	3,5	;RP0=0, select bank0
   692  0080  1303               	bcf	3,6	;RP1=0, select bank0
   693  0081  0506               	andwf	6,w	;volatile
   694  0082  00F3               	movwf	??_read_digital_keypad
   695  0083  303F               	movlw	63
   696  0084  0673               	xorwf	??_read_digital_keypad,w
   697  0085  1903               	btfsc	3,2
   698  0086  2888               	goto	u151
   699  0087  2889               	goto	u150
   700  0088                     u151:	
   701  0088  2890               	goto	l805
   702  0089                     u150:	
   703  0089                     l795:	
   704  0089  0877               	movf	read_digital_keypad@once,w
   705  008A  1903               	btfsc	3,2
   706  008B  288D               	goto	u161
   707  008C  288E               	goto	u160
   708  008D                     u161:	
   709  008D  2890               	goto	l805
   710  008E                     u160:	
   711  008E                     l797:	
   712                           
   713                           ;Digital_keypad.c: 21:         {;Digital_keypad.c: 22:             once = 0;
   714  008E  01F7               	clrf	read_digital_keypad@once
   715  008F  2879               	goto	l787
   716  0090                     l805:	
   717  0090  303F               	movlw	63
   718  0091  0506               	andwf	6,w	;volatile
   719  0092  00F3               	movwf	??_read_digital_keypad
   720  0093  303F               	movlw	63
   721  0094  0673               	xorwf	??_read_digital_keypad,w
   722  0095  1D03               	btfss	3,2
   723  0096  2898               	goto	u171
   724  0097  2899               	goto	u170
   725  0098                     u171:	
   726  0098  289B               	goto	l809
   727  0099                     u170:	
   728  0099                     l807:	
   729                           
   730                           ;Digital_keypad.c: 27:         {;Digital_keypad.c: 28:             once = 1;
   731  0099  01F7               	clrf	read_digital_keypad@once
   732  009A  0AF7               	incf	read_digital_keypad@once,f
   733  009B                     l809:	
   734                           
   735                           ;Digital_keypad.c: 33:     return 0x3F;
   736  009B  303F               	movlw	63
   737  009C                     l79:	
   738  009C  0008               	return
   739  009D                     __end_of_read_digital_keypad:	
   740                           
   741                           	psect	text2
   742  00B6                     __ptext2:	
   743 ;; *************** function _init_config *****************
   744 ;; Defined at:
   745 ;;		line 19 in file "main.c"
   746 ;; Parameters:    Size  Location     Type
   747 ;;		None
   748 ;; Auto vars:     Size  Location     Type
   749 ;;		None
   750 ;; Return value:  Size  Location     Type
   751 ;;                  1    wreg      void 
   752 ;; Registers used:
   753 ;;		wreg, status,2, status,0, pclath, cstack
   754 ;; Tracked objects:
   755 ;;		On entry : 0/0
   756 ;;		On exit  : 0/0
   757 ;;		Unchanged: 0/0
   758 ;; Data sizes:     COMMON   BANK0   BANK1   BANK3   BANK2
   759 ;;      Params:         0       0       0       0       0
   760 ;;      Locals:         0       0       0       0       0
   761 ;;      Temps:          0       0       0       0       0
   762 ;;      Totals:         0       0       0       0       0
   763 ;;Total ram usage:        0 bytes
   764 ;; Hardware stack levels used:    1
   765 ;; Hardware stack levels required when called:    2
   766 ;; This function calls:
   767 ;;		_init_digital_keypad
   768 ;;		_init_timer2
   769 ;; This function is called by:
   770 ;;		_main
   771 ;; This function uses a non-reentrant model
   772 ;;
   773                           
   774                           
   775                           ;psect for function _init_config
   776  00B6                     _init_config:	
   777  00B6                     l773:	
   778                           ;incstack = 0
   779                           ; Regs used in _init_config: [wreg+status,2+status,0+pclath+cstack]
   780                           
   781                           
   782                           ;main.c: 20: 
   783  00B6  1283               	bcf	3,5	;RP0=0, select bank0
   784  00B7  1303               	bcf	3,6	;RP1=0, select bank0
   785  00B8  0188               	clrf	8	;volatile
   786                           
   787                           ;main.c: 21:         key = read_digital_keypad(0);
   788  00B9  1683               	bsf	3,5	;RP0=1, select bank1
   789  00BA  1303               	bcf	3,6	;RP1=0, select bank1
   790  00BB  0188               	clrf	8	;volatile
   791  00BC                     l775:	
   792                           
   793                           ;main.c: 22:             if(loop_count <= cur_duty)
   794  00BC  1283               	bcf	3,5	;RP0=0, select bank0
   795  00BD  1303               	bcf	3,6	;RP1=0, select bank0
   796  00BE  1408               	bsf	8,0	;volatile
   797  00BF                     l777:	
   798                           
   799                           ;main.c: 23:         {
   800  00BF  120A  118A  20D9  120A  118A  	fcall	_init_digital_keypad
   801  00C4                     l779:	
   802                           
   803                           ;main.c: 24:             RD0 = 1;
   804  00C4  120A  118A  20CC  120A  118A  	fcall	_init_timer2
   805  00C9                     l781:	
   806                           
   807                           ;main.c: 26:         else
   808  00C9  170B               	bsf	11,6	;volatile
   809  00CA                     l783:	
   810                           
   811                           ;main.c: 28:             RD0 = 0;
   812  00CA  178B               	bsf	11,7	;volatile
   813  00CB                     l25:	
   814  00CB  0008               	return
   815  00CC                     __end_of_init_config:	
   816                           
   817                           	psect	text3
   818  00CC                     __ptext3:	
   819 ;; *************** function _init_timer2 *****************
   820 ;; Defined at:
   821 ;;		line 4 in file "Timers.c"
   822 ;; Parameters:    Size  Location     Type
   823 ;;		None
   824 ;; Auto vars:     Size  Location     Type
   825 ;;		None
   826 ;; Return value:  Size  Location     Type
   827 ;;                  1    wreg      void 
   828 ;; Registers used:
   829 ;;		wreg
   830 ;; Tracked objects:
   831 ;;		On entry : 0/0
   832 ;;		On exit  : 0/0
   833 ;;		Unchanged: 0/0
   834 ;; Data sizes:     COMMON   BANK0   BANK1   BANK3   BANK2
   835 ;;      Params:         0       0       0       0       0
   836 ;;      Locals:         0       0       0       0       0
   837 ;;      Temps:          0       0       0       0       0
   838 ;;      Totals:         0       0       0       0       0
   839 ;;Total ram usage:        0 bytes
   840 ;; Hardware stack levels used:    1
   841 ;; Hardware stack levels required when called:    1
   842 ;; This function calls:
   843 ;;		Nothing
   844 ;; This function is called by:
   845 ;;		_init_config
   846 ;; This function uses a non-reentrant model
   847 ;;
   848                           
   849                           
   850                           ;psect for function _init_timer2
   851  00CC                     _init_timer2:	
   852  00CC                     l767:	
   853                           ;incstack = 0
   854                           ; Regs used in _init_timer2: [wreg]
   855                           
   856                           
   857                           ;Timers.c: 8:     T2CKPS0 = 1;
   858  00CC  1283               	bcf	3,5	;RP0=0, select bank0
   859  00CD  1303               	bcf	3,6	;RP1=0, select bank0
   860  00CE  1412               	bsf	18,0	;volatile
   861                           
   862                           ;Timers.c: 9:     T2CKPS1 = 0;
   863  00CF  1092               	bcf	18,1	;volatile
   864                           
   865                           ;Timers.c: 13:     TMR2IE = 1;
   866  00D0  1683               	bsf	3,5	;RP0=1, select bank1
   867  00D1  1303               	bcf	3,6	;RP1=0, select bank1
   868  00D2  148C               	bsf	12,1	;volatile
   869  00D3                     l769:	
   870                           
   871                           ;Timers.c: 16:     PR2 = 250;
   872  00D3  30FA               	movlw	250
   873  00D4  0092               	movwf	18	;volatile
   874  00D5                     l771:	
   875                           
   876                           ;Timers.c: 18:     TMR2ON = 1;
   877  00D5  1283               	bcf	3,5	;RP0=0, select bank0
   878  00D6  1303               	bcf	3,6	;RP1=0, select bank0
   879  00D7  1512               	bsf	18,2	;volatile
   880  00D8                     l53:	
   881  00D8  0008               	return
   882  00D9                     __end_of_init_timer2:	
   883                           
   884                           	psect	text4
   885  00D9                     __ptext4:	
   886 ;; *************** function _init_digital_keypad *****************
   887 ;; Defined at:
   888 ;;		line 5 in file "Digital_keypad.c"
   889 ;; Parameters:    Size  Location     Type
   890 ;;		None
   891 ;; Auto vars:     Size  Location     Type
   892 ;;		None
   893 ;; Return value:  Size  Location     Type
   894 ;;                  1    wreg      void 
   895 ;; Registers used:
   896 ;;		wreg, status,2
   897 ;; Tracked objects:
   898 ;;		On entry : 0/0
   899 ;;		On exit  : 0/0
   900 ;;		Unchanged: 0/0
   901 ;; Data sizes:     COMMON   BANK0   BANK1   BANK3   BANK2
   902 ;;      Params:         0       0       0       0       0
   903 ;;      Locals:         0       0       0       0       0
   904 ;;      Temps:          0       0       0       0       0
   905 ;;      Totals:         0       0       0       0       0
   906 ;;Total ram usage:        0 bytes
   907 ;; Hardware stack levels used:    1
   908 ;; Hardware stack levels required when called:    1
   909 ;; This function calls:
   910 ;;		Nothing
   911 ;; This function is called by:
   912 ;;		_init_config
   913 ;; This function uses a non-reentrant model
   914 ;;
   915                           
   916                           
   917                           ;psect for function _init_digital_keypad
   918  00D9                     _init_digital_keypad:	
   919  00D9                     l765:	
   920                           ;incstack = 0
   921                           ; Regs used in _init_digital_keypad: [wreg+status,2]
   922                           
   923                           
   924                           ;Digital_keypad.c: 8:     TRISB = TRISB | 0x3F;
   925  00D9  1683               	bsf	3,5	;RP0=1, select bank1
   926  00DA  1303               	bcf	3,6	;RP1=0, select bank1
   927  00DB  0806               	movf	6,w	;volatile
   928  00DC  383F               	iorlw	63
   929  00DD  0086               	movwf	6	;volatile
   930  00DE                     l73:	
   931  00DE  0008               	return
   932  00DF                     __end_of_init_digital_keypad:	
   933                           
   934                           	psect	text5
   935  009D                     __ptext5:	
   936 ;; *************** function _isr *****************
   937 ;; Defined at:
   938 ;;		line 4 in file "isr.c"
   939 ;; Parameters:    Size  Location     Type
   940 ;;		None
   941 ;; Auto vars:     Size  Location     Type
   942 ;;		None
   943 ;; Return value:  Size  Location     Type
   944 ;;                  1    wreg      void 
   945 ;; Registers used:
   946 ;;		wreg, status,2, status,0
   947 ;; Tracked objects:
   948 ;;		On entry : 0/0
   949 ;;		On exit  : 0/0
   950 ;;		Unchanged: 0/0
   951 ;; Data sizes:     COMMON   BANK0   BANK1   BANK3   BANK2
   952 ;;      Params:         0       0       0       0       0
   953 ;;      Locals:         0       0       0       0       0
   954 ;;      Temps:          3       0       0       0       0
   955 ;;      Totals:         3       0       0       0       0
   956 ;;Total ram usage:        3 bytes
   957 ;; Hardware stack levels used:    1
   958 ;; This function calls:
   959 ;;		Nothing
   960 ;; This function is called by:
   961 ;;		Interrupt level 1
   962 ;; This function uses a non-reentrant model
   963 ;;
   964                           
   965                           
   966                           ;psect for function _isr
   967  009D                     _isr:	
   968  009D                     i1l755:	
   969                           
   970                           ;isr.c: 7:     static unsigned int wait = 0;;isr.c: 8:     if(TMR2IF == 1)
   971  009D  1283               	bcf	3,5	;RP0=0, select bank0
   972  009E  1303               	bcf	3,6	;RP1=0, select bank0
   973  009F  1C8C               	btfss	12,1	;volatile
   974  00A0  28A2               	goto	u12_21
   975  00A1  28A3               	goto	u12_20
   976  00A2                     u12_21:	
   977  00A2  28AF               	goto	i1l66
   978  00A3                     u12_20:	
   979  00A3                     i1l757:	
   980                           
   981                           ;isr.c: 9:     {;isr.c: 10:         if(loop_count == 100)
   982  00A3  3064               	movlw	100
   983  00A4  0679               	xorwf	_loop_count,w
   984  00A5  1D03               	btfss	3,2
   985  00A6  28A8               	goto	u13_21
   986  00A7  28A9               	goto	u13_20
   987  00A8                     u13_21:	
   988  00A8  28AA               	goto	i1l761
   989  00A9                     u13_20:	
   990  00A9                     i1l759:	
   991                           
   992                           ;isr.c: 11:         {;isr.c: 12:             loop_count = 0;
   993  00A9  01F9               	clrf	_loop_count
   994  00AA                     i1l761:	
   995                           
   996                           ;isr.c: 14:         loop_count++;
   997  00AA  3001               	movlw	1
   998  00AB  00F0               	movwf	??_isr
   999  00AC  0870               	movf	??_isr,w
  1000  00AD  07F9               	addwf	_loop_count,f
  1001  00AE                     i1l763:	
  1002                           
  1003                           ;isr.c: 15:         TMR2IF = 0;
  1004  00AE  108C               	bcf	12,1	;volatile
  1005  00AF                     i1l66:	
  1006  00AF  0872               	movf	??_isr+2,w
  1007  00B0  008A               	movwf	10
  1008  00B1  0E71               	swapf	(??_isr+1)^(0+4294967168),w
  1009  00B2  0083               	movwf	3
  1010  00B3  0EFE               	swapf	btemp,f
  1011  00B4  0E7E               	swapf	btemp,w
  1012  00B5  0009               	retfie
  1013  00B6                     __end_of_isr:	
  1014  007E                     btemp	set	126	;btemp
  1015  007E                     wtemp0	set	126
  1016                           
  1017                           	psect	intentry
  1018  0004                     __pintentry:	
  1019                           ;incstack = 0
  1020                           ; Regs used in _isr: [wreg+status,2+status,0]
  1021                           
  1022  0004                     interrupt_function:	
  1023  007E                     saved_w	set	btemp
  1024  0004  00FE               	movwf	btemp
  1025  0005  0E03               	swapf	3,w
  1026  0006  00F1               	movwf	??_isr+1
  1027  0007  080A               	movf	10,w
  1028  0008  00F2               	movwf	??_isr+2
  1029  0009  120A  118A  289D   	ljmp	_isr


Data Sizes:
    Strings     0
    Constant    0
    Data        3
    BSS         3
    Persistent  1
    Stack       0

Auto Spaces:
    Space          Size  Autos    Used
    COMMON           14      5      10
    BANK0            80      4       6
    BANK1            80      0       0
    BANK3            96      0       0
    BANK2            96      0       0

Pointer List with Targets:

    None.

Critical Paths under _main in COMMON

    _main->_read_digital_keypad

Critical Paths under _isr in COMMON

    None.

Critical Paths under _main in BANK0

    None.

Critical Paths under _isr in BANK0

    None.

Critical Paths under _main in BANK1

    None.

Critical Paths under _isr in BANK1

    None.

Critical Paths under _main in BANK3

    None.

Critical Paths under _isr in BANK3

    None.

Critical Paths under _main in BANK2

    None.

Critical Paths under _isr in BANK2

    None.

Call Graph Tables:

 ---------------------------------------------------------------------------------
 (Depth) Function   	        Calls       Base Space   Used Autos Params    Refs
 ---------------------------------------------------------------------------------
 (0) _main                                                 4     4      0      23
                                              0 BANK0      4     4      0
                        _init_config
                _read_digital_keypad
 ---------------------------------------------------------------------------------
 (1) _read_digital_keypad                                  2     2      0      22
                                              3 COMMON     2     2      0
 ---------------------------------------------------------------------------------
 (1) _init_config                                          0     0      0       0
                _init_digital_keypad
                        _init_timer2
 ---------------------------------------------------------------------------------
 (2) _init_timer2                                          0     0      0       0
 ---------------------------------------------------------------------------------
 (2) _init_digital_keypad                                  0     0      0       0
 ---------------------------------------------------------------------------------
 Estimated maximum stack depth 2
 ---------------------------------------------------------------------------------
 (Depth) Function   	        Calls       Base Space   Used Autos Params    Refs
 ---------------------------------------------------------------------------------
 (3) _isr                                                  3     3      0       0
                                              0 COMMON     3     3      0
 ---------------------------------------------------------------------------------
 Estimated maximum stack depth 3
 ---------------------------------------------------------------------------------

 Call Graph Graphs:

 _main (ROOT)
   _init_config
     _init_digital_keypad
     _init_timer2
   _read_digital_keypad

 _isr (ROOT)

 Address spaces:
Name               Size   Autos  Total    Cost      Usage
BANK3               60      0       0       9        0.0%
BITBANK3            60      0       0       8        0.0%
SFR3                 0      0       0       4        0.0%
BITSFR3              0      0       0       4        0.0%
BANK2               60      0       0      11        0.0%
BITBANK2            60      0       0      10        0.0%
SFR2                 0      0       0       5        0.0%
BITSFR2              0      0       0       5        0.0%
BANK1               50      0       0       7        0.0%
BITBANK1            50      0       0       6        0.0%
SFR1                 0      0       0       2        0.0%
BITSFR1              0      0       0       2        0.0%
BANK0               50      4       6       5        7.5%
BITBANK0            50      0       0       4        0.0%
SFR0                 0      0       0       1        0.0%
BITSFR0              0      0       0       1        0.0%
COMMON               E      5       A       1       71.4%
BITCOMMON            E      0       0       0        0.0%
CODE                 0      0       0       0        0.0%
DATA                 0      0      10      12        0.0%
ABS                  0      0      10       3        0.0%
NULL                 0      0       0       0        0.0%
STACK                0      0       0       2        0.0%
EEDATA             100      0       0       0        0.0%


Microchip Technology PIC Macro Assembler V2.10 build 88905656 
Symbol Table                                                                                   Fri Jun  5 05:23:02 2020

                          l31 0047                            l25 00CB                            l35 006F  
                          l53 00D8                            l73 00DE                            l79 009C  
                         l805 0090                           l821 0045                           l813 0028  
                         l807 0099                           l831 0062                           l823 0048  
                         l815 0028                           l809 009B                           l833 0068  
                         l825 004E                           l817 002D                           l771 00D5  
                         l827 0055                           l819 0038                           l765 00D9  
                         l781 00C9                           l773 00B6                           l829 005C  
                         l767 00CC                           l783 00CA                           l775 00BC  
                         l769 00D3                           l777 00BF                           l793 007E  
                         l785 0074                           l779 00C4                           l795 0089  
                         l787 0079                           l797 008E                           _GIE 005F  
                         _RD0 0040                           u200 0055                           u201 0054  
                         u210 0062                           u211 0061                           u140 0079  
                         u220 0068                           u141 0078                           u221 0067  
                         u150 0089                           u151 0088                           u160 008E  
                         u161 008D                           u170 0099                           u171 0098  
                         u180 0045                           u181 0044                           u190 004E  
                         _PR2 0092                           u191 004D                           u185 0041  
                         _key 0078                           _isr 009D         ??_read_digital_keypad 0073  
                        ?_isr 0070                          _PEIE 005E                          i1l66 00AF  
                        _main 0028                          btemp 007E                          start 000C  
                       ??_isr 0070                         ?_main 0070                 __CFG_WDTE$OFF 0000  
                ?_init_config 0070                         i1l761 00AA                         i1l763 00AE  
                       i1l755 009D                         i1l757 00A3                         i1l759 00A9  
                       u12_20 00A3                         u12_21 00A2                         u13_20 00A9  
                       u13_21 00A8                         _PORTB 0006                         _PORTD 0008  
                       _TRISB 0086                         _TRISD 0088                  ?_init_timer2 0070  
                       pclath 000A                         status 0003                         wtemp0 007E  
             __initialization 000F                  __end_of_main 0073                        ??_main 0022  
                      _TMR2IE 0461                        _TMR2IF 0061                        _TMR2ON 0092  
 __end_of_init_digital_keypad 00DF                  __pdataCOMMON 0075                        saved_w 007E  
     __end_of__initialization 0024                __pcstackCOMMON 0070          __size_of_init_config 0016  
        __size_of_init_timer2 000D                    __pbssBANK0 0020                    __pnvCOMMON 0078  
                  __pmaintext 0028                    __pintentry 0004                       _T2CKPS0 0090  
                     _T2CKPS1 0091   __end_of_read_digital_keypad 009D                       __ptext1 0073  
                     __ptext2 00B6                       __ptext3 00CC                       __ptext4 00D9  
                     __ptext5 009D                  __size_of_isr 0019          end_of_initialization 0024  
                     isr@wait 0020                    _loop_count 0079  __size_of_init_digital_keypad 0006  
               __pidataCOMMON 00DF           start_initialization 000F                   __end_of_isr 00B6  
               ??_init_config 0073                 ??_init_timer2 0073                   __pbssCOMMON 0079  
                   ___latbits 0002                 __pcstackBANK0 0022           __end_of_init_config 00CC  
__size_of_read_digital_keypad 002A           __end_of_init_timer2 00D9             interrupt_function 0004  
         _init_digital_keypad 00D9          ?_init_digital_keypad 0070                   _init_config 00B6  
                 _init_timer2 00CC                      _cur_duty 0075                 __size_of_main 004B  
     read_digital_keypad@mode 0074       read_digital_keypad@once 0077         ??_init_digital_keypad 0073  
                    intlevel1 0000           _read_digital_keypad 0073          ?_read_digital_keypad 0070  
