

Microchip MPLAB XC8 Assembler V2.10 build 88905656 
                                                                                               Sat Jun  6 03:52:27 2020

Microchip MPLAB XC8 C Compiler v2.10 (Free license) build 20190730164152 Og1 
     1                           	processor	16F877A
     2                           	opt	pw 120
     3                           	opt	flic
     4                           	psect	idataBANK0,global,class=CODE,delta=2
     5                           	psect	cinit,global,class=CODE,merge=1,delta=2
     6                           	psect	bssCOMMON,global,class=COMMON,space=1,delta=1
     7                           	psect	bssBANK0,global,class=BANK0,space=1,delta=1
     8                           	psect	dataBANK0,global,class=BANK0,space=1,delta=1
     9                           	psect	inittext,global,class=CODE,delta=2
    10                           	psect	cstackCOMMON,global,class=COMMON,space=1,delta=1
    11                           	psect	cstackBANK0,global,class=BANK0,space=1,delta=1
    12                           	psect	maintext,global,class=CODE,split=1,delta=2
    13                           	psect	text1,local,class=CODE,merge=1,delta=2
    14                           	psect	text2,local,class=CODE,merge=1,delta=2
    15                           	psect	text3,local,class=CODE,merge=1,delta=2
    16                           	psect	text4,local,class=CODE,merge=1,delta=2
    17                           	psect	text5,local,class=CODE,merge=1,delta=2,group=1
    18                           	psect	text6,local,class=CODE,merge=1,delta=2,group=1
    19                           	psect	text7,local,class=CODE,merge=1,delta=2
    20                           	psect	intentry,global,class=CODE,delta=2
    21                           	dabs	1,0x7E,2
    22  0000                     
    23                           ; Version 2.10
    24                           ; Generated 31/07/2019 GMT
    25                           ; 
    26                           ; Copyright © 2019, Microchip Technology Inc. and its subsidiaries ("Microchip")
    27                           ; All rights reserved.
    28                           ; 
    29                           ; This software is developed by Microchip Technology Inc. and its subsidiaries ("Microch
      +                          ip").
    30                           ; 
    31                           ; Redistribution and use in source and binary forms, with or without modification, are
    32                           ; permitted provided that the following conditions are met:
    33                           ; 
    34                           ;     1. Redistributions of source code must retain the above copyright notice, this lis
      +                          t of
    35                           ;        conditions and the following disclaimer.
    36                           ; 
    37                           ;     2. Redistributions in binary form must reproduce the above copyright notice, this 
      +                          list
    38                           ;        of conditions and the following disclaimer in the documentation and/or other
    39                           ;        materials provided with the distribution.
    40                           ; 
    41                           ;     3. Microchip's name may not be used to endorse or promote products derived from th
      +                          is
    42                           ;        software without specific prior written permission.
    43                           ; 
    44                           ; THIS SOFTWARE IS PROVIDED BY MICROCHIP "AS IS" AND ANY EXPRESS OR IMPLIED WARRANTIES,
    45                           ; INCLUDING, BUT NOT LIMITED TO, THE IMPLIED WARRANTIES OF MERCHANTABILITY AND FITNESS F
      +                          OR
    46                           ; PURPOSE ARE DISCLAIMED.  IN NO EVENT SHALL MICROCHIP BE LIABLE FOR ANY DIRECT, INDIREC
      +                          T,
    47                           ; INCIDENTAL, SPECIAL, EXEMPLARY, OR CONSEQUENTIAL DAMAGES (INCLUDING BUT NOT LIMITED TO
    48                           ; PROCUREMENT OF SUBSTITUTE GOODS OR SERVICES; LOSS OF USE, DATA OR PROFITS; OR BUSINESS
    49                           ; INTERRUPTION) HOWSOEVER CAUSED AND ON ANY THEORY OF LIABILITY, WHETHER IN CONTRACT, ST
      +                          RICT
    50                           ; LIABILITY, OR TORT (INCLUDING NEGLIGENCE OR OTHERWISE) ARISING IN ANY WAY OUT OF THE U
      +                          SE OF
    51                           ; THIS SOFTWARE, EVEN IF ADVISED OF THE POSSIBILITY OF SUCH DAMAGE.
    52                           ; 
    53                           ; 
    54                           ; Code-generator required, PIC16F877A Definitions
    55                           ; 
    56                           ; SFR Addresses
    57  0000                     	;# 
    58  0001                     	;# 
    59  0002                     	;# 
    60  0003                     	;# 
    61  0004                     	;# 
    62  0005                     	;# 
    63  0006                     	;# 
    64  0007                     	;# 
    65  0008                     	;# 
    66  0009                     	;# 
    67  000A                     	;# 
    68  000B                     	;# 
    69  000C                     	;# 
    70  000D                     	;# 
    71  000E                     	;# 
    72  000E                     	;# 
    73  000F                     	;# 
    74  0010                     	;# 
    75  0011                     	;# 
    76  0012                     	;# 
    77  0013                     	;# 
    78  0014                     	;# 
    79  0015                     	;# 
    80  0015                     	;# 
    81  0016                     	;# 
    82  0017                     	;# 
    83  0018                     	;# 
    84  0019                     	;# 
    85  001A                     	;# 
    86  001B                     	;# 
    87  001B                     	;# 
    88  001C                     	;# 
    89  001D                     	;# 
    90  001E                     	;# 
    91  001F                     	;# 
    92  0081                     	;# 
    93  0085                     	;# 
    94  0086                     	;# 
    95  0087                     	;# 
    96  0088                     	;# 
    97  0089                     	;# 
    98  008C                     	;# 
    99  008D                     	;# 
   100  008E                     	;# 
   101  0091                     	;# 
   102  0092                     	;# 
   103  0093                     	;# 
   104  0094                     	;# 
   105  0098                     	;# 
   106  0099                     	;# 
   107  009C                     	;# 
   108  009D                     	;# 
   109  009E                     	;# 
   110  009F                     	;# 
   111  010C                     	;# 
   112  010D                     	;# 
   113  010E                     	;# 
   114  010F                     	;# 
   115  018C                     	;# 
   116  018D                     	;# 
   117  0000                     	;# 
   118  0001                     	;# 
   119  0002                     	;# 
   120  0003                     	;# 
   121  0004                     	;# 
   122  0005                     	;# 
   123  0006                     	;# 
   124  0007                     	;# 
   125  0008                     	;# 
   126  0009                     	;# 
   127  000A                     	;# 
   128  000B                     	;# 
   129  000C                     	;# 
   130  000D                     	;# 
   131  000E                     	;# 
   132  000E                     	;# 
   133  000F                     	;# 
   134  0010                     	;# 
   135  0011                     	;# 
   136  0012                     	;# 
   137  0013                     	;# 
   138  0014                     	;# 
   139  0015                     	;# 
   140  0015                     	;# 
   141  0016                     	;# 
   142  0017                     	;# 
   143  0018                     	;# 
   144  0019                     	;# 
   145  001A                     	;# 
   146  001B                     	;# 
   147  001B                     	;# 
   148  001C                     	;# 
   149  001D                     	;# 
   150  001E                     	;# 
   151  001F                     	;# 
   152  0081                     	;# 
   153  0085                     	;# 
   154  0086                     	;# 
   155  0087                     	;# 
   156  0088                     	;# 
   157  0089                     	;# 
   158  008C                     	;# 
   159  008D                     	;# 
   160  008E                     	;# 
   161  0091                     	;# 
   162  0092                     	;# 
   163  0093                     	;# 
   164  0094                     	;# 
   165  0098                     	;# 
   166  0099                     	;# 
   167  009C                     	;# 
   168  009D                     	;# 
   169  009E                     	;# 
   170  009F                     	;# 
   171  010C                     	;# 
   172  010D                     	;# 
   173  010E                     	;# 
   174  010F                     	;# 
   175  018C                     	;# 
   176  018D                     	;# 
   177  0000                     	;# 
   178  0001                     	;# 
   179  0002                     	;# 
   180  0003                     	;# 
   181  0004                     	;# 
   182  0005                     	;# 
   183  0006                     	;# 
   184  0007                     	;# 
   185  0008                     	;# 
   186  0009                     	;# 
   187  000A                     	;# 
   188  000B                     	;# 
   189  000C                     	;# 
   190  000D                     	;# 
   191  000E                     	;# 
   192  000E                     	;# 
   193  000F                     	;# 
   194  0010                     	;# 
   195  0011                     	;# 
   196  0012                     	;# 
   197  0013                     	;# 
   198  0014                     	;# 
   199  0015                     	;# 
   200  0015                     	;# 
   201  0016                     	;# 
   202  0017                     	;# 
   203  0018                     	;# 
   204  0019                     	;# 
   205  001A                     	;# 
   206  001B                     	;# 
   207  001B                     	;# 
   208  001C                     	;# 
   209  001D                     	;# 
   210  001E                     	;# 
   211  001F                     	;# 
   212  0081                     	;# 
   213  0085                     	;# 
   214  0086                     	;# 
   215  0087                     	;# 
   216  0088                     	;# 
   217  0089                     	;# 
   218  008C                     	;# 
   219  008D                     	;# 
   220  008E                     	;# 
   221  0091                     	;# 
   222  0092                     	;# 
   223  0093                     	;# 
   224  0094                     	;# 
   225  0098                     	;# 
   226  0099                     	;# 
   227  009C                     	;# 
   228  009D                     	;# 
   229  009E                     	;# 
   230  009F                     	;# 
   231  010C                     	;# 
   232  010D                     	;# 
   233  010E                     	;# 
   234  010F                     	;# 
   235  018C                     	;# 
   236  018D                     	;# 
   237  0000                     	;# 
   238  0001                     	;# 
   239  0002                     	;# 
   240  0003                     	;# 
   241  0004                     	;# 
   242  0005                     	;# 
   243  0006                     	;# 
   244  0007                     	;# 
   245  0008                     	;# 
   246  0009                     	;# 
   247  000A                     	;# 
   248  000B                     	;# 
   249  000C                     	;# 
   250  000D                     	;# 
   251  000E                     	;# 
   252  000E                     	;# 
   253  000F                     	;# 
   254  0010                     	;# 
   255  0011                     	;# 
   256  0012                     	;# 
   257  0013                     	;# 
   258  0014                     	;# 
   259  0015                     	;# 
   260  0015                     	;# 
   261  0016                     	;# 
   262  0017                     	;# 
   263  0018                     	;# 
   264  0019                     	;# 
   265  001A                     	;# 
   266  001B                     	;# 
   267  001B                     	;# 
   268  001C                     	;# 
   269  001D                     	;# 
   270  001E                     	;# 
   271  001F                     	;# 
   272  0081                     	;# 
   273  0085                     	;# 
   274  0086                     	;# 
   275  0087                     	;# 
   276  0088                     	;# 
   277  0089                     	;# 
   278  008C                     	;# 
   279  008D                     	;# 
   280  008E                     	;# 
   281  0091                     	;# 
   282  0092                     	;# 
   283  0093                     	;# 
   284  0094                     	;# 
   285  0098                     	;# 
   286  0099                     	;# 
   287  009C                     	;# 
   288  009D                     	;# 
   289  009E                     	;# 
   290  009F                     	;# 
   291  010C                     	;# 
   292  010D                     	;# 
   293  010E                     	;# 
   294  010F                     	;# 
   295  018C                     	;# 
   296  018D                     	;# 
   297  0000                     	;# 
   298  0001                     	;# 
   299  0002                     	;# 
   300  0003                     	;# 
   301  0004                     	;# 
   302  0005                     	;# 
   303  0006                     	;# 
   304  0007                     	;# 
   305  0008                     	;# 
   306  0009                     	;# 
   307  000A                     	;# 
   308  000B                     	;# 
   309  000C                     	;# 
   310  000D                     	;# 
   311  000E                     	;# 
   312  000E                     	;# 
   313  000F                     	;# 
   314  0010                     	;# 
   315  0011                     	;# 
   316  0012                     	;# 
   317  0013                     	;# 
   318  0014                     	;# 
   319  0015                     	;# 
   320  0015                     	;# 
   321  0016                     	;# 
   322  0017                     	;# 
   323  0018                     	;# 
   324  0019                     	;# 
   325  001A                     	;# 
   326  001B                     	;# 
   327  001B                     	;# 
   328  001C                     	;# 
   329  001D                     	;# 
   330  001E                     	;# 
   331  001F                     	;# 
   332  0081                     	;# 
   333  0085                     	;# 
   334  0086                     	;# 
   335  0087                     	;# 
   336  0088                     	;# 
   337  0089                     	;# 
   338  008C                     	;# 
   339  008D                     	;# 
   340  008E                     	;# 
   341  0091                     	;# 
   342  0092                     	;# 
   343  0093                     	;# 
   344  0094                     	;# 
   345  0098                     	;# 
   346  0099                     	;# 
   347  009C                     	;# 
   348  009D                     	;# 
   349  009E                     	;# 
   350  009F                     	;# 
   351  010C                     	;# 
   352  010D                     	;# 
   353  010E                     	;# 
   354  010F                     	;# 
   355  018C                     	;# 
   356  018D                     	;# 
   357                           
   358                           	psect	idataBANK0
   359  026E                     __pidataBANK0:	
   360                           
   361                           ;initializer for main@F860
   362  026E  343F               	retlw	63
   363  026F  3406               	retlw	6
   364  0270  345B               	retlw	91
   365  0271  344F               	retlw	79
   366  0272  3466               	retlw	102
   367  0273  346D               	retlw	109
   368  0274  347D               	retlw	125
   369  0275  3407               	retlw	7
   370  0276  347F               	retlw	127
   371  0277  346F               	retlw	111
   372  0008                     _PORTD	set	8
   373  0005                     _PORTA	set	5
   374  0061                     _TMR2IF	set	97
   375  005F                     _GIE	set	95
   376  005E                     _PEIE	set	94
   377  0092                     _TMR2ON	set	146
   378  0091                     _T2CKPS1	set	145
   379  0090                     _T2CKPS0	set	144
   380  0085                     _TRISA	set	133
   381  0088                     _TRISD	set	136
   382  0092                     _PR2	set	146
   383  0461                     _TMR2IE	set	1121
   384                           
   385                           ; #config settings
   386  0000                     
   387                           	psect	cinit
   388  000F                     start_initialization:	
   389  000F                     __initialization:	
   390                           
   391                           ; Initialize objects allocated to BANK0
   392  000F  1383               	bcf	3,7	;select IRP bank0
   393  0010  304E               	movlw	low (__pdataBANK0+10)
   394  0011  00FD               	movwf	btemp+-1
   395  0012  3002               	movlw	high __pidataBANK0
   396  0013  00FE               	movwf	btemp
   397  0014  306E               	movlw	low __pidataBANK0
   398  0015  00FF               	movwf	btemp+1
   399  0016  3044               	movlw	low __pdataBANK0
   400  0017  0084               	movwf	4
   401  0018  120A  118A  2239  120A  118A  	fcall	init_ram0
   402                           
   403                           ; Clear objects allocated to BANK0
   404  001D  01CE               	clrf	__pbssBANK0& (0+127)
   405  001E  01CF               	clrf	(__pbssBANK0+1)& (0+127)
   406  001F  01D0               	clrf	(__pbssBANK0+2)& (0+127)
   407  0020  01D1               	clrf	(__pbssBANK0+3)& (0+127)
   408  0021  01D2               	clrf	(__pbssBANK0+4)& (0+127)
   409  0022  01D3               	clrf	(__pbssBANK0+5)& (0+127)
   410                           
   411                           ; Clear objects allocated to COMMON
   412  0023  01FA               	clrf	__pbssCOMMON& (0+127)
   413  0024  01FB               	clrf	(__pbssCOMMON+1)& (0+127)
   414  0025  01FC               	clrf	(__pbssCOMMON+2)& (0+127)
   415  0026  01FD               	clrf	(__pbssCOMMON+3)& (0+127)
   416  0027                     end_of_initialization:	
   417                           ;End of C runtime variable initialization code
   418                           
   419  0027                     __end_of__initialization:	
   420  0027  0183               	clrf	3
   421  0028  120A  118A  282B   	ljmp	_main	;jump to C main() function
   422                           
   423                           	psect	bssCOMMON
   424  007A                     __pbssCOMMON:	
   425  007A                     _decimal:	
   426  007A                     	ds	2
   427  007C                     _count:	
   428  007C                     	ds	2
   429                           
   430                           	psect	bssBANK0
   431  004E                     __pbssBANK0:	
   432  004E                     isr@count:	
   433  004E                     	ds	4
   434  0052                     _min:	
   435  0052                     	ds	2
   436                           
   437                           	psect	dataBANK0
   438  0044                     __pdataBANK0:	
   439  0044                     main@F860:	
   440  0044                     	ds	10
   441                           
   442                           	psect	inittext
   443  0235                     init_fetch0:	
   444                           ;	Called with low address in FSR and high address in W
   445                           
   446  0235  087E               	movf	btemp,w
   447  0236  008A               	movwf	10
   448  0237  087F               	movf	btemp+1,w
   449  0238  0082               	movwf	2
   450  0239                     init_ram0:	
   451                           ;Called with:
   452                           ;	high address of idata address in btemp 
   453                           ;	low address of idata address in btemp+1 
   454                           ;	low address of data in FSR
   455                           ;	high address + 1 of data in btemp-1
   456                           
   457  0239  120A  118A  2235  120A  118A  	fcall	init_fetch0
   458  023E  0080               	movwf	0
   459  023F  0A84               	incf	4,f
   460  0240  0804               	movf	4,w
   461  0241  067D               	xorwf	btemp+-1,w
   462  0242  1903               	btfsc	3,2
   463  0243  3400               	retlw	0
   464  0244  0AFF               	incf	btemp+1,f
   465  0245  1903               	btfsc	3,2
   466  0246  0AFE               	incf	btemp,f
   467  0247  2A39               	goto	init_ram0
   468                           
   469                           	psect	cstackCOMMON
   470  0070                     __pcstackCOMMON:	
   471  0070                     ?_init_ssd:	
   472  0070                     ?_display:	
   473                           ; 1 bytes @ 0x0
   474                           
   475  0070                     ?_init_timer2:	
   476                           ; 1 bytes @ 0x0
   477                           
   478  0070                     ?_init_config:	
   479                           ; 1 bytes @ 0x0
   480                           
   481  0070                     ?_main:	
   482                           ; 1 bytes @ 0x0
   483                           
   484  0070                     ?_isr:	
   485                           ; 1 bytes @ 0x0
   486                           
   487  0070                     ??_isr:	
   488                           ; 1 bytes @ 0x0
   489                           
   490                           
   491                           ; 1 bytes @ 0x0
   492  0070                     	ds	6
   493  0076                     isr@i:	
   494                           
   495                           ; 4 bytes @ 0x6
   496  0076                     	ds	4
   497                           
   498                           	psect	cstackBANK0
   499  0020                     __pcstackBANK0:	
   500  0020                     ??_init_ssd:	
   501  0020                     ??_display:	
   502                           ; 1 bytes @ 0x0
   503                           
   504  0020                     ??_init_timer2:	
   505                           ; 1 bytes @ 0x0
   506                           
   507  0020                     ??_init_config:	
   508                           ; 1 bytes @ 0x0
   509                           
   510  0020                     ?___lwdiv:	
   511                           ; 1 bytes @ 0x0
   512                           
   513  0020                     ___lwdiv@divisor:	
   514                           ; 2 bytes @ 0x0
   515                           
   516                           
   517                           ; 2 bytes @ 0x0
   518  0020                     	ds	1
   519  0021                     display@i:	
   520                           
   521                           ; 2 bytes @ 0x1
   522  0021                     	ds	1
   523  0022                     ___lwdiv@dividend:	
   524                           
   525                           ; 2 bytes @ 0x2
   526  0022                     	ds	1
   527  0023                     display@data:	
   528                           
   529                           ; 1 bytes @ 0x3
   530  0023                     	ds	1
   531  0024                     ??___lwdiv:	
   532  0024                     display@digit:	
   533                           ; 1 bytes @ 0x4
   534                           
   535                           
   536                           ; 1 bytes @ 0x4
   537  0024                     	ds	1
   538  0025                     ___lwdiv@quotient:	
   539                           
   540                           ; 2 bytes @ 0x5
   541  0025                     	ds	2
   542  0027                     ___lwdiv@counter:	
   543                           
   544                           ; 1 bytes @ 0x7
   545  0027                     	ds	1
   546  0028                     ?___lwmod:	
   547  0028                     ___lwmod@divisor:	
   548                           ; 2 bytes @ 0x8
   549                           
   550                           
   551                           ; 2 bytes @ 0x8
   552  0028                     	ds	2
   553  002A                     ___lwmod@dividend:	
   554                           
   555                           ; 2 bytes @ 0xA
   556  002A                     	ds	2
   557  002C                     ??___lwmod:	
   558                           
   559                           ; 1 bytes @ 0xC
   560  002C                     	ds	1
   561  002D                     ___lwmod@counter:	
   562                           
   563                           ; 1 bytes @ 0xD
   564  002D                     	ds	1
   565  002E                     ??_main:	
   566                           
   567                           ; 1 bytes @ 0xE
   568  002E                     	ds	4
   569  0032                     main@digit:	
   570                           
   571                           ; 10 bytes @ 0x12
   572  0032                     	ds	10
   573  003C                     main@ssd:	
   574                           
   575                           ; 4 bytes @ 0x1C
   576  003C                     	ds	4
   577  0040                     main@prev_minute:	
   578                           
   579                           ; 2 bytes @ 0x20
   580  0040                     	ds	2
   581  0042                     main@hr:	
   582                           
   583                           ; 2 bytes @ 0x22
   584  0042                     	ds	2
   585                           
   586                           	psect	maintext
   587  002B                     __pmaintext:	
   588 ;;
   589 ;;Main: autosize = 0, tempsize = 4, incstack = 0, save=0
   590 ;;
   591 ;; *************** function _main *****************
   592 ;; Defined at:
   593 ;;		line 27 in file "main.c"
   594 ;; Parameters:    Size  Location     Type
   595 ;;		None
   596 ;; Auto vars:     Size  Location     Type
   597 ;;  digit          10   18[BANK0 ] unsigned char [10]
   598 ;;  ssd             4   28[BANK0 ] unsigned char [4]
   599 ;;  hr              2   34[BANK0 ] unsigned int 
   600 ;;  prev_minute     2   32[BANK0 ] unsigned int 
   601 ;; Return value:  Size  Location     Type
   602 ;;                  1    wreg      void 
   603 ;; Registers used:
   604 ;;		wreg, fsr0l, fsr0h, status,2, status,0, pclath, cstack
   605 ;; Tracked objects:
   606 ;;		On entry : B00/0
   607 ;;		On exit  : 0/0
   608 ;;		Unchanged: 0/0
   609 ;; Data sizes:     COMMON   BANK0   BANK1   BANK3   BANK2
   610 ;;      Params:         0       0       0       0       0
   611 ;;      Locals:         0      18       0       0       0
   612 ;;      Temps:          0       4       0       0       0
   613 ;;      Totals:         0      22       0       0       0
   614 ;;Total ram usage:       22 bytes
   615 ;; Hardware stack levels required when called:    3
   616 ;; This function calls:
   617 ;;		___lwdiv
   618 ;;		___lwmod
   619 ;;		_display
   620 ;;		_init_config
   621 ;; This function is called by:
   622 ;;		Startup code after reset
   623 ;; This function uses a non-reentrant model
   624 ;;
   625                           
   626                           
   627                           ;psect for function _main
   628  002B                     _main:	
   629  002B                     l887:	
   630                           ;incstack = 0
   631                           ; Regs used in _main: [wreg-fsr0h+status,2+status,0+pclath+cstack]
   632                           
   633                           
   634                           ;main.c: 28:                 ssd[2] = digit[(min/10)%10];
   635  002B  120A  118A  2248  120A  118A  	fcall	_init_config
   636  0030                     l889:	
   637                           
   638                           ;main.c: 29: 
   639  0030  300C               	movlw	12
   640  0031  1283               	bcf	3,5	;RP0=0, select bank0
   641  0032  1303               	bcf	3,6	;RP1=0, select bank0
   642  0033  00C2               	movwf	main@hr
   643  0034  3000               	movlw	0
   644  0035  00C3               	movwf	main@hr+1
   645  0036                     l891:	
   646                           
   647                           ;main.c: 30:                 if(min == 59)
   648  0036  3032               	movlw	main@digit& (0+255)
   649  0037  0084               	movwf	4
   650  0038  3044               	movlw	low main@F860
   651  0039  00AE               	movwf	??_main
   652  003A  0804               	movf	4,w
   653  003B  00AF               	movwf	??_main+1
   654  003C  300A               	movlw	10
   655  003D  00B0               	movwf	??_main+2
   656  003E                     u420:	
   657  003E  082E               	movf	??_main,w
   658  003F  0084               	movwf	4
   659  0040  1383               	bcf	3,7	;select IRP bank0
   660  0041  0800               	movf	0,w
   661  0042  00B1               	movwf	??_main+3
   662  0043  0AAE               	incf	??_main,f
   663  0044  082F               	movf	??_main+1,w
   664  0045  0084               	movwf	4
   665  0046  0831               	movf	??_main+3,w
   666  0047  0080               	movwf	0
   667  0048  0AAF               	incf	??_main+1,f
   668  0049  0BB0               	decfsz	??_main+2,f
   669  004A  283E               	goto	u420
   670  004B                     l893:	
   671                           
   672                           ;main.c: 31:                 {;main.c: 32:                     hr++;
   673  004B  3001               	movlw	1
   674  004C  00C0               	movwf	main@prev_minute
   675  004D  3000               	movlw	0
   676  004E  00C1               	movwf	main@prev_minute+1
   677  004F                     l895:	
   678                           
   679                           ;main.c: 35:                     {
   680  004F  1283               	bcf	3,5	;RP0=0, select bank0
   681  0050  1303               	bcf	3,6	;RP1=0, select bank0
   682  0051  0853               	movf	_min+1,w
   683  0052  0641               	xorwf	main@prev_minute+1,w
   684  0053  1D03               	skipz
   685  0054  2857               	goto	u435
   686  0055  0852               	movf	_min,w
   687  0056  0640               	xorwf	main@prev_minute,w
   688  0057                     u435:	
   689  0057  1903               	skipnz
   690  0058  285A               	goto	u431
   691  0059  285B               	goto	u430
   692  005A                     u431:	
   693  005A  28F3               	goto	l909
   694  005B                     u430:	
   695  005B                     l897:	
   696                           
   697                           ;main.c: 36:                         hr = 1;;main.c: 37:                     }
   698  005B  300A               	movlw	10
   699  005C  00A8               	movwf	___lwmod@divisor
   700  005D  3000               	movlw	0
   701  005E  00A9               	movwf	___lwmod@divisor+1
   702  005F  0843               	movf	main@hr+1,w
   703  0060  00AB               	movwf	___lwmod@dividend+1
   704  0061  0842               	movf	main@hr,w
   705  0062  00AA               	movwf	___lwmod@dividend
   706  0063  120A  118A  21C3  120A  118A  	fcall	___lwmod
   707  0068  1283               	bcf	3,5	;RP0=0, select bank0
   708  0069  1303               	bcf	3,6	;RP1=0, select bank0
   709  006A  0828               	movf	?___lwmod,w
   710  006B  3E32               	addlw	(low (main@digit| 0))& (0+255)
   711  006C  0084               	movwf	4
   712  006D  1383               	bcf	3,7	;select IRP bank0
   713  006E  0800               	movf	0,w
   714  006F  00AE               	movwf	??_main
   715  0070  082E               	movf	??_main,w
   716  0071  00BD               	movwf	main@ssd+1
   717                           
   718                           ;main.c: 38:                 }
   719  0072  300A               	movlw	10
   720  0073  00A8               	movwf	___lwmod@divisor
   721  0074  3000               	movlw	0
   722  0075  00A9               	movwf	___lwmod@divisor+1
   723  0076  300A               	movlw	10
   724  0077  00A0               	movwf	___lwdiv@divisor
   725  0078  3000               	movlw	0
   726  0079  00A1               	movwf	___lwdiv@divisor+1
   727  007A  0843               	movf	main@hr+1,w
   728  007B  00A3               	movwf	___lwdiv@dividend+1
   729  007C  0842               	movf	main@hr,w
   730  007D  00A2               	movwf	___lwdiv@dividend
   731  007E  120A  118A  217D  120A  118A  	fcall	___lwdiv
   732  0083  1283               	bcf	3,5	;RP0=0, select bank0
   733  0084  1303               	bcf	3,6	;RP1=0, select bank0
   734  0085  0821               	movf	?___lwdiv+1,w
   735  0086  00AB               	movwf	___lwmod@dividend+1
   736  0087  0820               	movf	?___lwdiv,w
   737  0088  00AA               	movwf	___lwmod@dividend
   738  0089  120A  118A  21C3  120A  118A  	fcall	___lwmod
   739  008E  1283               	bcf	3,5	;RP0=0, select bank0
   740  008F  1303               	bcf	3,6	;RP1=0, select bank0
   741  0090  0828               	movf	?___lwmod,w
   742  0091  3E32               	addlw	(low (main@digit| 0))& (0+255)
   743  0092  0084               	movwf	4
   744  0093  1383               	bcf	3,7	;select IRP bank0
   745  0094  0800               	movf	0,w
   746  0095  00AE               	movwf	??_main
   747  0096  082E               	movf	??_main,w
   748  0097  00BC               	movwf	main@ssd
   749                           
   750                           ;main.c: 39: 
   751  0098  300A               	movlw	10
   752  0099  00A8               	movwf	___lwmod@divisor
   753  009A  3000               	movlw	0
   754  009B  00A9               	movwf	___lwmod@divisor+1
   755  009C  0853               	movf	_min+1,w
   756  009D  00AB               	movwf	___lwmod@dividend+1
   757  009E  0852               	movf	_min,w
   758  009F  00AA               	movwf	___lwmod@dividend
   759  00A0  120A  118A  21C3  120A  118A  	fcall	___lwmod
   760  00A5  1283               	bcf	3,5	;RP0=0, select bank0
   761  00A6  1303               	bcf	3,6	;RP1=0, select bank0
   762  00A7  0828               	movf	?___lwmod,w
   763  00A8  3E32               	addlw	(low (main@digit| 0))& (0+255)
   764  00A9  0084               	movwf	4
   765  00AA  1383               	bcf	3,7	;select IRP bank0
   766  00AB  0800               	movf	0,w
   767  00AC  00AE               	movwf	??_main
   768  00AD  082E               	movf	??_main,w
   769  00AE  00BF               	movwf	main@ssd+3
   770                           
   771                           ;main.c: 40:           prev_minute = min;
   772  00AF  300A               	movlw	10
   773  00B0  00A8               	movwf	___lwmod@divisor
   774  00B1  3000               	movlw	0
   775  00B2  00A9               	movwf	___lwmod@divisor+1
   776  00B3  300A               	movlw	10
   777  00B4  00A0               	movwf	___lwdiv@divisor
   778  00B5  3000               	movlw	0
   779  00B6  00A1               	movwf	___lwdiv@divisor+1
   780  00B7  0853               	movf	_min+1,w
   781  00B8  00A3               	movwf	___lwdiv@dividend+1
   782  00B9  0852               	movf	_min,w
   783  00BA  00A2               	movwf	___lwdiv@dividend
   784  00BB  120A  118A  217D  120A  118A  	fcall	___lwdiv
   785  00C0  1283               	bcf	3,5	;RP0=0, select bank0
   786  00C1  1303               	bcf	3,6	;RP1=0, select bank0
   787  00C2  0821               	movf	?___lwdiv+1,w
   788  00C3  00AB               	movwf	___lwmod@dividend+1
   789  00C4  0820               	movf	?___lwdiv,w
   790  00C5  00AA               	movwf	___lwmod@dividend
   791  00C6  120A  118A  21C3  120A  118A  	fcall	___lwmod
   792  00CB  1283               	bcf	3,5	;RP0=0, select bank0
   793  00CC  1303               	bcf	3,6	;RP1=0, select bank0
   794  00CD  0828               	movf	?___lwmod,w
   795  00CE  3E32               	addlw	(low (main@digit| 0))& (0+255)
   796  00CF  0084               	movwf	4
   797  00D0  1383               	bcf	3,7	;select IRP bank0
   798  00D1  0800               	movf	0,w
   799  00D2  00AE               	movwf	??_main
   800  00D3  082E               	movf	??_main,w
   801  00D4  00BE               	movwf	main@ssd+2
   802  00D5                     l899:	
   803                           
   804                           ;main.c: 42: 
   805  00D5  303B               	movlw	59
   806  00D6  0652               	xorwf	_min,w
   807  00D7  0453               	iorwf	_min+1,w
   808  00D8  1D03               	btfss	3,2
   809  00D9  28DB               	goto	u441
   810  00DA  28DC               	goto	u440
   811  00DB                     u441:	
   812  00DB  28EF               	goto	l41
   813  00DC                     u440:	
   814  00DC                     l901:	
   815                           
   816                           ;main.c: 43:      display(ssd);;main.c: 44: 
   817  00DC  3001               	movlw	1
   818  00DD  07C2               	addwf	main@hr,f
   819  00DE  1803               	skipnc
   820  00DF  0AC3               	incf	main@hr+1,f
   821  00E0  3000               	movlw	0
   822  00E1  07C3               	addwf	main@hr+1,f
   823  00E2                     l903:	
   824                           
   825                           ;main.c: 45:     }
   826  00E2  01D2               	clrf	_min
   827  00E3  01D3               	clrf	_min+1
   828  00E4                     l905:	
   829                           
   830                           ;main.c: 46: 
   831  00E4  3018               	movlw	24
   832  00E5  0642               	xorwf	main@hr,w
   833  00E6  0443               	iorwf	main@hr+1,w
   834  00E7  1D03               	btfss	3,2
   835  00E8  28EA               	goto	u451
   836  00E9  28EB               	goto	u450
   837  00EA                     u451:	
   838  00EA  28EF               	goto	l41
   839  00EB                     u450:	
   840  00EB                     l907:	
   841                           
   842                           ;main.c: 47:     return;;main.c: 48: }
   843  00EB  3001               	movlw	1
   844  00EC  00C2               	movwf	main@hr
   845  00ED  3000               	movlw	0
   846  00EE  00C3               	movwf	main@hr+1
   847  00EF                     l41:	
   848  00EF  0853               	movf	_min+1,w
   849  00F0  00C1               	movwf	main@prev_minute+1
   850  00F1  0852               	movf	_min,w
   851  00F2  00C0               	movwf	main@prev_minute
   852  00F3                     l909:	
   853  00F3  303C               	movlw	(low (main@ssd| 0))& (0+255)
   854  00F4  120A  118A  21FF  120A  118A  	fcall	_display
   855  00F9  284F               	goto	l895
   856  00FA  120A  118A  280C   	ljmp	start
   857  00FD                     __end_of_main:	
   858                           
   859                           	psect	text1
   860  0248                     __ptext1:	
   861 ;; *************** function _init_config *****************
   862 ;; Defined at:
   863 ;;		line 14 in file "main.c"
   864 ;; Parameters:    Size  Location     Type
   865 ;;		None
   866 ;; Auto vars:     Size  Location     Type
   867 ;;		None
   868 ;; Return value:  Size  Location     Type
   869 ;;                  1    wreg      void 
   870 ;; Registers used:
   871 ;;		wreg, status,2, status,0, pclath, cstack
   872 ;; Tracked objects:
   873 ;;		On entry : 0/0
   874 ;;		On exit  : 0/0
   875 ;;		Unchanged: 0/0
   876 ;; Data sizes:     COMMON   BANK0   BANK1   BANK3   BANK2
   877 ;;      Params:         0       0       0       0       0
   878 ;;      Locals:         0       0       0       0       0
   879 ;;      Temps:          0       0       0       0       0
   880 ;;      Totals:         0       0       0       0       0
   881 ;;Total ram usage:        0 bytes
   882 ;; Hardware stack levels used:    1
   883 ;; Hardware stack levels required when called:    2
   884 ;; This function calls:
   885 ;;		_init_ssd
   886 ;;		_init_timer2
   887 ;; This function is called by:
   888 ;;		_main
   889 ;; This function uses a non-reentrant model
   890 ;;
   891                           
   892                           
   893                           ;psect for function _init_config
   894  0248                     _init_config:	
   895  0248                     l815:	
   896                           ;incstack = 0
   897                           ; Regs used in _init_config: [wreg+status,2+status,0+pclath+cstack]
   898                           
   899                           
   900                           ;main.c: 16:     init_config();
   901  0248  120A  118A  2255  120A  118A  	fcall	_init_timer2
   902                           
   903                           ;main.c: 18:     unsigned char digit[10]={0x3F,0x06,0x5B,0x4F,0x66,0x6D,0x7D,0x07,0x7F,0
      +                          x6F};
   904  024D  120A  118A  2262  120A  118A  	fcall	_init_ssd
   905  0252                     l817:	
   906                           
   907                           ;main.c: 21:     while (1) {
   908  0252  170B               	bsf	11,6	;volatile
   909  0253                     l819:	
   910                           
   911                           ;main.c: 23:         if(prev_minute != min)
   912  0253  178B               	bsf	11,7	;volatile
   913  0254                     l32:	
   914  0254  0008               	return
   915  0255                     __end_of_init_config:	
   916                           
   917                           	psect	text2
   918  0255                     __ptext2:	
   919 ;; *************** function _init_timer2 *****************
   920 ;; Defined at:
   921 ;;		line 3 in file "Timers.c"
   922 ;; Parameters:    Size  Location     Type
   923 ;;		None
   924 ;; Auto vars:     Size  Location     Type
   925 ;;		None
   926 ;; Return value:  Size  Location     Type
   927 ;;                  1    wreg      void 
   928 ;; Registers used:
   929 ;;		wreg
   930 ;; Tracked objects:
   931 ;;		On entry : 0/0
   932 ;;		On exit  : 0/0
   933 ;;		Unchanged: 0/0
   934 ;; Data sizes:     COMMON   BANK0   BANK1   BANK3   BANK2
   935 ;;      Params:         0       0       0       0       0
   936 ;;      Locals:         0       0       0       0       0
   937 ;;      Temps:          0       0       0       0       0
   938 ;;      Totals:         0       0       0       0       0
   939 ;;Total ram usage:        0 bytes
   940 ;; Hardware stack levels used:    1
   941 ;; Hardware stack levels required when called:    1
   942 ;; This function calls:
   943 ;;		Nothing
   944 ;; This function is called by:
   945 ;;		_init_config
   946 ;; This function uses a non-reentrant model
   947 ;;
   948                           
   949                           
   950                           ;psect for function _init_timer2
   951  0255                     _init_timer2:	
   952  0255                     l803:	
   953                           ;incstack = 0
   954                           ; Regs used in _init_timer2: [wreg]
   955                           
   956                           
   957                           ;Timers.c: 6:     T2CKPS0 = 0;
   958  0255  1283               	bcf	3,5	;RP0=0, select bank0
   959  0256  1303               	bcf	3,6	;RP1=0, select bank0
   960  0257  1012               	bcf	18,0	;volatile
   961                           
   962                           ;Timers.c: 7:     T2CKPS1 = 0;
   963  0258  1092               	bcf	18,1	;volatile
   964                           
   965                           ;Timers.c: 10:     TMR2IE = 1;
   966  0259  1683               	bsf	3,5	;RP0=1, select bank1
   967  025A  1303               	bcf	3,6	;RP1=0, select bank1
   968  025B  148C               	bsf	12,1	;volatile
   969  025C                     l805:	
   970                           
   971                           ;Timers.c: 13:     PR2 = 250;
   972  025C  30FA               	movlw	250
   973  025D  0092               	movwf	18	;volatile
   974  025E                     l807:	
   975                           
   976                           ;Timers.c: 15:     TMR2ON = 1;
   977  025E  1283               	bcf	3,5	;RP0=0, select bank0
   978  025F  1303               	bcf	3,6	;RP1=0, select bank0
   979  0260  1512               	bsf	18,2	;volatile
   980  0261                     l13:	
   981  0261  0008               	return
   982  0262                     __end_of_init_timer2:	
   983                           
   984                           	psect	text3
   985  0262                     __ptext3:	
   986 ;; *************** function _init_ssd *****************
   987 ;; Defined at:
   988 ;;		line 4 in file "SSD.c"
   989 ;; Parameters:    Size  Location     Type
   990 ;;		None
   991 ;; Auto vars:     Size  Location     Type
   992 ;;		None
   993 ;; Return value:  Size  Location     Type
   994 ;;                  1    wreg      void 
   995 ;; Registers used:
   996 ;;		wreg, status,2
   997 ;; Tracked objects:
   998 ;;		On entry : 0/0
   999 ;;		On exit  : 0/0
  1000 ;;		Unchanged: 0/0
  1001 ;; Data sizes:     COMMON   BANK0   BANK1   BANK3   BANK2
  1002 ;;      Params:         0       0       0       0       0
  1003 ;;      Locals:         0       0       0       0       0
  1004 ;;      Temps:          0       0       0       0       0
  1005 ;;      Totals:         0       0       0       0       0
  1006 ;;Total ram usage:        0 bytes
  1007 ;; Hardware stack levels used:    1
  1008 ;; Hardware stack levels required when called:    1
  1009 ;; This function calls:
  1010 ;;		Nothing
  1011 ;; This function is called by:
  1012 ;;		_init_config
  1013 ;; This function uses a non-reentrant model
  1014 ;;
  1015                           
  1016                           
  1017                           ;psect for function _init_ssd
  1018  0262                     _init_ssd:	
  1019  0262                     l809:	
  1020                           ;incstack = 0
  1021                           ; Regs used in _init_ssd: [wreg+status,2]
  1022                           
  1023                           
  1024                           ;SSD.c: 7:     TRISD = 0x00;
  1025  0262  1683               	bsf	3,5	;RP0=1, select bank1
  1026  0263  1303               	bcf	3,6	;RP1=0, select bank1
  1027  0264  0188               	clrf	8	;volatile
  1028  0265                     l811:	
  1029                           
  1030                           ;SSD.c: 10:     TRISA = TRISA & 0xC3;
  1031  0265  0805               	movf	5,w	;volatile
  1032  0266  39C3               	andlw	195
  1033  0267  0085               	movwf	5	;volatile
  1034  0268                     l813:	
  1035                           
  1036                           ;SSD.c: 13:     PORTA = PORTA & 0xC3;
  1037  0268  1283               	bcf	3,5	;RP0=0, select bank0
  1038  0269  1303               	bcf	3,6	;RP1=0, select bank0
  1039  026A  0805               	movf	5,w	;volatile
  1040  026B  39C3               	andlw	195
  1041  026C  0085               	movwf	5	;volatile
  1042  026D                     l56:	
  1043  026D  0008               	return
  1044  026E                     __end_of_init_ssd:	
  1045                           
  1046                           	psect	text4
  1047  01FF                     __ptext4:	
  1048 ;; *************** function _display *****************
  1049 ;; Defined at:
  1050 ;;		line 17 in file "SSD.c"
  1051 ;; Parameters:    Size  Location     Type
  1052 ;;  data            1    wreg     PTR unsigned char 
  1053 ;;		 -> main@ssd(4), 
  1054 ;; Auto vars:     Size  Location     Type
  1055 ;;  data            1    3[BANK0 ] PTR unsigned char 
  1056 ;;		 -> main@ssd(4), 
  1057 ;;  i               2    1[BANK0 ] unsigned int 
  1058 ;;  digit           1    4[BANK0 ] unsigned char 
  1059 ;; Return value:  Size  Location     Type
  1060 ;;                  1    wreg      void 
  1061 ;; Registers used:
  1062 ;;		wreg, fsr0l, fsr0h, status,2, status,0
  1063 ;; Tracked objects:
  1064 ;;		On entry : 0/0
  1065 ;;		On exit  : 0/0
  1066 ;;		Unchanged: 0/0
  1067 ;; Data sizes:     COMMON   BANK0   BANK1   BANK3   BANK2
  1068 ;;      Params:         0       0       0       0       0
  1069 ;;      Locals:         0       4       0       0       0
  1070 ;;      Temps:          0       1       0       0       0
  1071 ;;      Totals:         0       5       0       0       0
  1072 ;;Total ram usage:        5 bytes
  1073 ;; Hardware stack levels used:    1
  1074 ;; Hardware stack levels required when called:    1
  1075 ;; This function calls:
  1076 ;;		Nothing
  1077 ;; This function is called by:
  1078 ;;		_main
  1079 ;; This function uses a non-reentrant model
  1080 ;;
  1081                           
  1082                           
  1083                           ;psect for function _display
  1084  01FF                     _display:	
  1085                           
  1086                           ;incstack = 0
  1087                           ; Regs used in _display: [wreg-fsr0h+status,2+status,0]
  1088                           ;display@data stored from wreg
  1089  01FF  1283               	bcf	3,5	;RP0=0, select bank0
  1090  0200  1303               	bcf	3,6	;RP1=0, select bank0
  1091  0201  00A3               	movwf	display@data
  1092  0202                     l821:	
  1093                           
  1094                           ;SSD.c: 17: void display(unsigned char data[]);SSD.c: 18: {;SSD.c: 19:     unsigned char
      +                           digit;;SSD.c: 22:     for(digit = 0;digit < 4;digit++)
  1095  0202  01A4               	clrf	display@digit
  1096  0203                     l827:	
  1097                           
  1098                           ;SSD.c: 23:     {;SSD.c: 24:         PORTD =data[digit];
  1099  0203  0824               	movf	display@digit,w
  1100  0204  0723               	addwf	display@data,w
  1101  0205  00A0               	movwf	??_display
  1102  0206  0820               	movf	??_display,w
  1103  0207  0084               	movwf	4
  1104  0208  1383               	bcf	3,7	;select IRP bank0
  1105  0209  0800               	movf	0,w
  1106  020A  0088               	movwf	8	;volatile
  1107  020B                     l829:	
  1108                           
  1109                           ;SSD.c: 25:         PORTA = (PORTA & 0xC3) | (0x04 << digit);
  1110  020B  3004               	movlw	4
  1111  020C  00A0               	movwf	??_display
  1112  020D  0A24               	incf	display@digit,w
  1113  020E  2A11               	goto	u264
  1114  020F                     u265:	
  1115  020F  1003               	clrc
  1116  0210  0DA0               	rlf	??_display,f
  1117  0211                     u264:	
  1118  0211  3EFF               	addlw	-1
  1119  0212  1D03               	skipz
  1120  0213  2A0F               	goto	u265
  1121  0214  0805               	movf	5,w	;volatile
  1122  0215  39C3               	andlw	195
  1123  0216  0420               	iorwf	??_display,w
  1124  0217  0085               	movwf	5	;volatile
  1125  0218                     l831:	
  1126                           
  1127                           ;SSD.c: 26:         for(unsigned int i = 400;i--;);
  1128  0218  3090               	movlw	144
  1129  0219  00A1               	movwf	display@i
  1130  021A  3001               	movlw	1
  1131  021B  00A2               	movwf	display@i+1
  1132  021C                     l833:	
  1133  021C  3001               	movlw	1
  1134  021D  02A1               	subwf	display@i,f
  1135  021E  3000               	movlw	0
  1136  021F  1C03               	skipc
  1137  0220  03A2               	decf	display@i+1,f
  1138  0221  02A2               	subwf	display@i+1,f
  1139  0222  0A21               	incf	display@i,w
  1140  0223  1D03               	skipz
  1141  0224  2A29               	goto	u271
  1142  0225  0A22               	incf	display@i+1,w
  1143  0226  1D03               	btfss	3,2
  1144  0227  2A29               	goto	u271
  1145  0228  2A2A               	goto	u270
  1146  0229                     u271:	
  1147  0229  2A1C               	goto	l833
  1148  022A                     u270:	
  1149  022A                     l835:	
  1150                           
  1151                           ;SSD.c: 27:     }
  1152  022A  3001               	movlw	1
  1153  022B  00A0               	movwf	??_display
  1154  022C  0820               	movf	??_display,w
  1155  022D  07A4               	addwf	display@digit,f
  1156  022E                     l837:	
  1157  022E  3004               	movlw	4
  1158  022F  0224               	subwf	display@digit,w
  1159  0230  1C03               	skipc
  1160  0231  2A33               	goto	u281
  1161  0232  2A34               	goto	u280
  1162  0233                     u281:	
  1163  0233  2A03               	goto	l827
  1164  0234                     u280:	
  1165  0234                     l64:	
  1166  0234  0008               	return
  1167  0235                     __end_of_display:	
  1168                           
  1169                           	psect	text5
  1170  01C3                     __ptext5:	
  1171 ;; *************** function ___lwmod *****************
  1172 ;; Defined at:
  1173 ;;		line 5 in file "/opt/microchip/xc8/v2.10/pic/sources/c90/common/lwmod.c"
  1174 ;; Parameters:    Size  Location     Type
  1175 ;;  divisor         2    8[BANK0 ] unsigned int 
  1176 ;;  dividend        2   10[BANK0 ] unsigned int 
  1177 ;; Auto vars:     Size  Location     Type
  1178 ;;  counter         1   13[BANK0 ] unsigned char 
  1179 ;; Return value:  Size  Location     Type
  1180 ;;                  2    8[BANK0 ] unsigned int 
  1181 ;; Registers used:
  1182 ;;		wreg, status,2, status,0
  1183 ;; Tracked objects:
  1184 ;;		On entry : 0/0
  1185 ;;		On exit  : 0/0
  1186 ;;		Unchanged: 0/0
  1187 ;; Data sizes:     COMMON   BANK0   BANK1   BANK3   BANK2
  1188 ;;      Params:         0       4       0       0       0
  1189 ;;      Locals:         0       1       0       0       0
  1190 ;;      Temps:          0       1       0       0       0
  1191 ;;      Totals:         0       6       0       0       0
  1192 ;;Total ram usage:        6 bytes
  1193 ;; Hardware stack levels used:    1
  1194 ;; Hardware stack levels required when called:    1
  1195 ;; This function calls:
  1196 ;;		Nothing
  1197 ;; This function is called by:
  1198 ;;		_main
  1199 ;; This function uses a non-reentrant model
  1200 ;;
  1201                           
  1202                           
  1203                           ;psect for function ___lwmod
  1204  01C3                     ___lwmod:	
  1205  01C3                     l865:	
  1206                           ;incstack = 0
  1207                           ; Regs used in ___lwmod: [wreg+status,2+status,0]
  1208                           
  1209  01C3  1283               	bcf	3,5	;RP0=0, select bank0
  1210  01C4  1303               	bcf	3,6	;RP1=0, select bank0
  1211  01C5  0828               	movf	___lwmod@divisor,w
  1212  01C6  0429               	iorwf	___lwmod@divisor+1,w
  1213  01C7  1903               	btfsc	3,2
  1214  01C8  29CA               	goto	u361
  1215  01C9  29CB               	goto	u360
  1216  01CA                     u361:	
  1217  01CA  29FA               	goto	l883
  1218  01CB                     u360:	
  1219  01CB                     l867:	
  1220  01CB  01AD               	clrf	___lwmod@counter
  1221  01CC  0AAD               	incf	___lwmod@counter,f
  1222  01CD  29D9               	goto	l873
  1223  01CE                     l869:	
  1224  01CE  3001               	movlw	1
  1225  01CF                     u375:	
  1226  01CF  1003               	clrc
  1227  01D0  0DA8               	rlf	___lwmod@divisor,f
  1228  01D1  0DA9               	rlf	___lwmod@divisor+1,f
  1229  01D2  3EFF               	addlw	-1
  1230  01D3  1D03               	skipz
  1231  01D4  29CF               	goto	u375
  1232  01D5                     l871:	
  1233  01D5  3001               	movlw	1
  1234  01D6  00AC               	movwf	??___lwmod
  1235  01D7  082C               	movf	??___lwmod,w
  1236  01D8  07AD               	addwf	___lwmod@counter,f
  1237  01D9                     l873:	
  1238  01D9  1FA9               	btfss	___lwmod@divisor+1,7
  1239  01DA  29DC               	goto	u381
  1240  01DB  29DD               	goto	u380
  1241  01DC                     u381:	
  1242  01DC  29CE               	goto	l869
  1243  01DD                     u380:	
  1244  01DD                     l875:	
  1245  01DD  0829               	movf	___lwmod@divisor+1,w
  1246  01DE  022B               	subwf	___lwmod@dividend+1,w
  1247  01DF  1D03               	skipz
  1248  01E0  29E3               	goto	u395
  1249  01E1  0828               	movf	___lwmod@divisor,w
  1250  01E2  022A               	subwf	___lwmod@dividend,w
  1251  01E3                     u395:	
  1252  01E3  1C03               	skipc
  1253  01E4  29E6               	goto	u391
  1254  01E5  29E7               	goto	u390
  1255  01E6                     u391:	
  1256  01E6  29ED               	goto	l879
  1257  01E7                     u390:	
  1258  01E7                     l877:	
  1259  01E7  0828               	movf	___lwmod@divisor,w
  1260  01E8  02AA               	subwf	___lwmod@dividend,f
  1261  01E9  0829               	movf	___lwmod@divisor+1,w
  1262  01EA  1C03               	skipc
  1263  01EB  03AB               	decf	___lwmod@dividend+1,f
  1264  01EC  02AB               	subwf	___lwmod@dividend+1,f
  1265  01ED                     l879:	
  1266  01ED  3001               	movlw	1
  1267  01EE                     u405:	
  1268  01EE  1003               	clrc
  1269  01EF  0CA9               	rrf	___lwmod@divisor+1,f
  1270  01F0  0CA8               	rrf	___lwmod@divisor,f
  1271  01F1  3EFF               	addlw	-1
  1272  01F2  1D03               	skipz
  1273  01F3  29EE               	goto	u405
  1274  01F4                     l881:	
  1275  01F4  3001               	movlw	1
  1276  01F5  02AD               	subwf	___lwmod@counter,f
  1277  01F6  1D03               	btfss	3,2
  1278  01F7  29F9               	goto	u411
  1279  01F8  29FA               	goto	u410
  1280  01F9                     u411:	
  1281  01F9  29DD               	goto	l875
  1282  01FA                     u410:	
  1283  01FA                     l883:	
  1284  01FA  082B               	movf	___lwmod@dividend+1,w
  1285  01FB  00A9               	movwf	?___lwmod+1
  1286  01FC  082A               	movf	___lwmod@dividend,w
  1287  01FD  00A8               	movwf	?___lwmod
  1288  01FE                     l455:	
  1289  01FE  0008               	return
  1290  01FF                     __end_of___lwmod:	
  1291                           
  1292                           	psect	text6
  1293  017D                     __ptext6:	
  1294 ;; *************** function ___lwdiv *****************
  1295 ;; Defined at:
  1296 ;;		line 5 in file "/opt/microchip/xc8/v2.10/pic/sources/c90/common/lwdiv.c"
  1297 ;; Parameters:    Size  Location     Type
  1298 ;;  divisor         2    0[BANK0 ] unsigned int 
  1299 ;;  dividend        2    2[BANK0 ] unsigned int 
  1300 ;; Auto vars:     Size  Location     Type
  1301 ;;  quotient        2    5[BANK0 ] unsigned int 
  1302 ;;  counter         1    7[BANK0 ] unsigned char 
  1303 ;; Return value:  Size  Location     Type
  1304 ;;                  2    0[BANK0 ] unsigned int 
  1305 ;; Registers used:
  1306 ;;		wreg, status,2, status,0
  1307 ;; Tracked objects:
  1308 ;;		On entry : 0/0
  1309 ;;		On exit  : 0/0
  1310 ;;		Unchanged: 0/0
  1311 ;; Data sizes:     COMMON   BANK0   BANK1   BANK3   BANK2
  1312 ;;      Params:         0       4       0       0       0
  1313 ;;      Locals:         0       3       0       0       0
  1314 ;;      Temps:          0       1       0       0       0
  1315 ;;      Totals:         0       8       0       0       0
  1316 ;;Total ram usage:        8 bytes
  1317 ;; Hardware stack levels used:    1
  1318 ;; Hardware stack levels required when called:    1
  1319 ;; This function calls:
  1320 ;;		Nothing
  1321 ;; This function is called by:
  1322 ;;		_main
  1323 ;; This function uses a non-reentrant model
  1324 ;;
  1325                           
  1326                           
  1327                           ;psect for function ___lwdiv
  1328  017D                     ___lwdiv:	
  1329  017D                     l839:	
  1330                           ;incstack = 0
  1331                           ; Regs used in ___lwdiv: [wreg+status,2+status,0]
  1332                           
  1333  017D  1283               	bcf	3,5	;RP0=0, select bank0
  1334  017E  1303               	bcf	3,6	;RP1=0, select bank0
  1335  017F  01A5               	clrf	___lwdiv@quotient
  1336  0180  01A6               	clrf	___lwdiv@quotient+1
  1337  0181                     l841:	
  1338  0181  0820               	movf	___lwdiv@divisor,w
  1339  0182  0421               	iorwf	___lwdiv@divisor+1,w
  1340  0183  1903               	btfsc	3,2
  1341  0184  2986               	goto	u291
  1342  0185  2987               	goto	u290
  1343  0186                     u291:	
  1344  0186  29BE               	goto	l861
  1345  0187                     u290:	
  1346  0187                     l843:	
  1347  0187  01A7               	clrf	___lwdiv@counter
  1348  0188  0AA7               	incf	___lwdiv@counter,f
  1349  0189  2995               	goto	l849
  1350  018A                     l845:	
  1351  018A  3001               	movlw	1
  1352  018B                     u305:	
  1353  018B  1003               	clrc
  1354  018C  0DA0               	rlf	___lwdiv@divisor,f
  1355  018D  0DA1               	rlf	___lwdiv@divisor+1,f
  1356  018E  3EFF               	addlw	-1
  1357  018F  1D03               	skipz
  1358  0190  298B               	goto	u305
  1359  0191                     l847:	
  1360  0191  3001               	movlw	1
  1361  0192  00A4               	movwf	??___lwdiv
  1362  0193  0824               	movf	??___lwdiv,w
  1363  0194  07A7               	addwf	___lwdiv@counter,f
  1364  0195                     l849:	
  1365  0195  1FA1               	btfss	___lwdiv@divisor+1,7
  1366  0196  2998               	goto	u311
  1367  0197  2999               	goto	u310
  1368  0198                     u311:	
  1369  0198  298A               	goto	l845
  1370  0199                     u310:	
  1371  0199                     l851:	
  1372  0199  3001               	movlw	1
  1373  019A                     u325:	
  1374  019A  1003               	clrc
  1375  019B  0DA5               	rlf	___lwdiv@quotient,f
  1376  019C  0DA6               	rlf	___lwdiv@quotient+1,f
  1377  019D  3EFF               	addlw	-1
  1378  019E  1D03               	skipz
  1379  019F  299A               	goto	u325
  1380  01A0  0821               	movf	___lwdiv@divisor+1,w
  1381  01A1  0223               	subwf	___lwdiv@dividend+1,w
  1382  01A2  1D03               	skipz
  1383  01A3  29A6               	goto	u335
  1384  01A4  0820               	movf	___lwdiv@divisor,w
  1385  01A5  0222               	subwf	___lwdiv@dividend,w
  1386  01A6                     u335:	
  1387  01A6  1C03               	skipc
  1388  01A7  29A9               	goto	u331
  1389  01A8  29AA               	goto	u330
  1390  01A9                     u331:	
  1391  01A9  29B1               	goto	l857
  1392  01AA                     u330:	
  1393  01AA                     l853:	
  1394  01AA  0820               	movf	___lwdiv@divisor,w
  1395  01AB  02A2               	subwf	___lwdiv@dividend,f
  1396  01AC  0821               	movf	___lwdiv@divisor+1,w
  1397  01AD  1C03               	skipc
  1398  01AE  03A3               	decf	___lwdiv@dividend+1,f
  1399  01AF  02A3               	subwf	___lwdiv@dividend+1,f
  1400  01B0                     l855:	
  1401  01B0  1425               	bsf	___lwdiv@quotient,0
  1402  01B1                     l857:	
  1403  01B1  3001               	movlw	1
  1404  01B2                     u345:	
  1405  01B2  1003               	clrc
  1406  01B3  0CA1               	rrf	___lwdiv@divisor+1,f
  1407  01B4  0CA0               	rrf	___lwdiv@divisor,f
  1408  01B5  3EFF               	addlw	-1
  1409  01B6  1D03               	skipz
  1410  01B7  29B2               	goto	u345
  1411  01B8                     l859:	
  1412  01B8  3001               	movlw	1
  1413  01B9  02A7               	subwf	___lwdiv@counter,f
  1414  01BA  1D03               	btfss	3,2
  1415  01BB  29BD               	goto	u351
  1416  01BC  29BE               	goto	u350
  1417  01BD                     u351:	
  1418  01BD  2999               	goto	l851
  1419  01BE                     u350:	
  1420  01BE                     l861:	
  1421  01BE  0826               	movf	___lwdiv@quotient+1,w
  1422  01BF  00A1               	movwf	?___lwdiv+1
  1423  01C0  0825               	movf	___lwdiv@quotient,w
  1424  01C1  00A0               	movwf	?___lwdiv
  1425  01C2                     l445:	
  1426  01C2  0008               	return
  1427  01C3                     __end_of___lwdiv:	
  1428                           
  1429                           	psect	text7
  1430  00FD                     __ptext7:	
  1431 ;; *************** function _isr *****************
  1432 ;; Defined at:
  1433 ;;		line 4 in file "isr.c"
  1434 ;; Parameters:    Size  Location     Type
  1435 ;;		None
  1436 ;; Auto vars:     Size  Location     Type
  1437 ;;  i               4    6[COMMON] unsigned long 
  1438 ;; Return value:  Size  Location     Type
  1439 ;;                  1    wreg      void 
  1440 ;; Registers used:
  1441 ;;		wreg, status,2, status,0
  1442 ;; Tracked objects:
  1443 ;;		On entry : 0/0
  1444 ;;		On exit  : 0/0
  1445 ;;		Unchanged: 0/0
  1446 ;; Data sizes:     COMMON   BANK0   BANK1   BANK3   BANK2
  1447 ;;      Params:         0       0       0       0       0
  1448 ;;      Locals:         4       0       0       0       0
  1449 ;;      Temps:          6       0       0       0       0
  1450 ;;      Totals:        10       0       0       0       0
  1451 ;;Total ram usage:       10 bytes
  1452 ;; Hardware stack levels used:    1
  1453 ;; This function calls:
  1454 ;;		Nothing
  1455 ;; This function is called by:
  1456 ;;		Interrupt level 1
  1457 ;; This function uses a non-reentrant model
  1458 ;;
  1459                           
  1460                           
  1461                           ;psect for function _isr
  1462  00FD                     _isr:	
  1463  00FD                     i1l911:	
  1464                           
  1465                           ;isr.c: 6:     static unsigned long int count = 0;;isr.c: 7:     if(TMR2IF == 1)
  1466  00FD  1283               	bcf	3,5	;RP0=0, select bank0
  1467  00FE  1303               	bcf	3,6	;RP1=0, select bank0
  1468  00FF  1C8C               	btfss	12,1	;volatile
  1469  0100  2902               	goto	u46_21
  1470  0101  2903               	goto	u46_20
  1471  0102                     u46_21:	
  1472  0102  2976               	goto	i1l87
  1473  0103                     u46_20:	
  1474  0103                     i1l913:	
  1475                           
  1476                           ;isr.c: 8:     {;isr.c: 9:        if(++count == 1200000)
  1477  0103  3001               	movlw	1
  1478  0104  07CE               	addwf	isr@count,f
  1479  0105  3000               	movlw	0
  1480  0106  1803               	skipnc
  1481  0107  3001               	movlw	1
  1482  0108  07CF               	addwf	isr@count+1,f
  1483  0109  3000               	movlw	0
  1484  010A  1803               	skipnc
  1485  010B  3001               	movlw	1
  1486  010C  07D0               	addwf	isr@count+2,f
  1487  010D  3000               	movlw	0
  1488  010E  1803               	skipnc
  1489  010F  3001               	movlw	1
  1490  0110  07D1               	addwf	isr@count+3,f
  1491  0111  3080               	movlw	128
  1492  0112  064E               	xorwf	isr@count,w
  1493  0113  304F               	movlw	79
  1494  0114  1903               	skipnz
  1495  0115  064F               	xorwf	isr@count+1,w
  1496  0116  3012               	movlw	18
  1497  0117  1903               	skipnz
  1498  0118  0650               	xorwf	isr@count+2,w
  1499  0119  0451               	iorwf	isr@count+3,w
  1500  011A  1D03               	btfss	3,2
  1501  011B  291D               	goto	u47_21
  1502  011C  291E               	goto	u47_20
  1503  011D                     u47_21:	
  1504  011D  292C               	goto	i1l917
  1505  011E                     u47_20:	
  1506  011E                     i1l915:	
  1507                           
  1508                           ;isr.c: 10:         {;isr.c: 11:             min++;
  1509  011E  3001               	movlw	1
  1510  011F  07D2               	addwf	_min,f
  1511  0120  1803               	skipnc
  1512  0121  0AD3               	incf	_min+1,f
  1513  0122  3000               	movlw	0
  1514  0123  07D3               	addwf	_min+1,f
  1515                           
  1516                           ;isr.c: 12:             count = 0;
  1517  0124  3000               	movlw	0
  1518  0125  00D1               	movwf	isr@count+3
  1519  0126  3000               	movlw	0
  1520  0127  00D0               	movwf	isr@count+2
  1521  0128  3000               	movlw	0
  1522  0129  00CF               	movwf	isr@count+1
  1523  012A  3000               	movlw	0
  1524  012B  00CE               	movwf	isr@count
  1525  012C                     i1l917:	
  1526                           
  1527                           ;isr.c: 14:        if(decimal++ == 20000)
  1528  012C  3001               	movlw	1
  1529  012D  07FA               	addwf	_decimal,f
  1530  012E  1803               	skipnc
  1531  012F  0AFB               	incf	_decimal+1,f
  1532  0130  3000               	movlw	0
  1533  0131  07FB               	addwf	_decimal+1,f
  1534  0132  3021               	movlw	33
  1535  0133  067A               	xorwf	_decimal,w
  1536  0134  304E               	movlw	78
  1537  0135  1903               	skipnz
  1538  0136  067B               	xorwf	_decimal+1,w
  1539  0137  1D03               	btfss	3,2
  1540  0138  293A               	goto	u48_21
  1541  0139  293B               	goto	u48_20
  1542  013A                     u48_21:	
  1543  013A  2973               	goto	i1l925
  1544  013B                     u48_20:	
  1545  013B                     i1l919:	
  1546                           
  1547                           ;isr.c: 15:        {;isr.c: 16:            PORTD = 0x80;
  1548  013B  3080               	movlw	128
  1549  013C  0088               	movwf	8	;volatile
  1550                           
  1551                           ;isr.c: 17:            PORTA = 0x08;
  1552  013D  3008               	movlw	8
  1553  013E  0085               	movwf	5	;volatile
  1554                           
  1555                           ;isr.c: 18:            for(unsigned long int i = 3200;i--; );
  1556  013F  3000               	movlw	0
  1557  0140  00F9               	movwf	isr@i+3
  1558  0141  3000               	movlw	0
  1559  0142  00F8               	movwf	isr@i+2
  1560  0143  300C               	movlw	12
  1561  0144  00F7               	movwf	isr@i+1
  1562  0145  3080               	movlw	128
  1563  0146  00F6               	movwf	isr@i
  1564  0147                     i1l921:	
  1565  0147  3001               	movlw	1
  1566  0148  00F0               	movwf	??_isr
  1567  0149  3000               	movlw	0
  1568  014A  00F1               	movwf	??_isr+1
  1569  014B  3000               	movlw	0
  1570  014C  00F2               	movwf	??_isr+2
  1571  014D  3000               	movlw	0
  1572  014E  00F3               	movwf	??_isr+3
  1573  014F  0870               	movf	??_isr,w
  1574  0150  02F6               	subwf	isr@i,f
  1575  0151  0871               	movf	??_isr+1,w
  1576  0152  1C03               	skipc
  1577  0153  0F71               	incfsz	??_isr+1,w
  1578  0154  2956               	goto	u49_25
  1579  0155  2957               	goto	u49_26
  1580  0156                     u49_25:	
  1581  0156  02F7               	subwf	isr@i+1,f
  1582  0157                     u49_26:	
  1583  0157  0872               	movf	??_isr+2,w
  1584  0158  1C03               	skipc
  1585  0159  0F72               	incfsz	??_isr+2,w
  1586  015A  295C               	goto	u49_27
  1587  015B  295D               	goto	u49_28
  1588  015C                     u49_27:	
  1589  015C  02F8               	subwf	isr@i+2,f
  1590  015D                     u49_28:	
  1591  015D  0873               	movf	??_isr+3,w
  1592  015E  1C03               	skipc
  1593  015F  0F73               	incfsz	??_isr+3,w
  1594  0160  2962               	goto	u49_29
  1595  0161  2963               	goto	u49_20
  1596  0162                     u49_29:	
  1597  0162  02F9               	subwf	isr@i+3,f
  1598  0163                     u49_20:	
  1599  0163  0A76               	incf	isr@i,w
  1600  0164  1D03               	skipz
  1601  0165  2970               	goto	u50_21
  1602  0166  0A77               	incf	isr@i+1,w
  1603  0167  1D03               	skipz
  1604  0168  2970               	goto	u50_21
  1605  0169  0A78               	incf	isr@i+2,w
  1606  016A  1D03               	skipz
  1607  016B  2970               	goto	u50_21
  1608  016C  0A79               	incf	isr@i+3,w
  1609  016D  1D03               	btfss	3,2
  1610  016E  2970               	goto	u50_21
  1611  016F  2971               	goto	u50_20
  1612  0170                     u50_21:	
  1613  0170  2947               	goto	i1l921
  1614  0171                     u50_20:	
  1615  0171                     i1l923:	
  1616                           
  1617                           ;isr.c: 19:            decimal = 0;
  1618  0171  01FA               	clrf	_decimal
  1619  0172  01FB               	clrf	_decimal+1
  1620  0173                     i1l925:	
  1621                           
  1622                           ;isr.c: 22:        TMR2IF = 0;
  1623  0173  1283               	bcf	3,5	;RP0=0, select bank0
  1624  0174  1303               	bcf	3,6	;RP1=0, select bank0
  1625  0175  108C               	bcf	12,1	;volatile
  1626  0176                     i1l87:	
  1627  0176  0875               	movf	??_isr+5,w
  1628  0177  008A               	movwf	10
  1629  0178  0E74               	swapf	(??_isr+4)^(0+4294967168),w
  1630  0179  0083               	movwf	3
  1631  017A  0EFE               	swapf	btemp,f
  1632  017B  0E7E               	swapf	btemp,w
  1633  017C  0009               	retfie
  1634  017D                     __end_of_isr:	
  1635  007E                     btemp	set	126	;btemp
  1636  007E                     wtemp0	set	126
  1637                           
  1638                           	psect	intentry
  1639  0004                     __pintentry:	
  1640                           ;incstack = 0
  1641                           ; Regs used in _isr: [wreg+status,2+status,0]
  1642                           
  1643  0004                     interrupt_function:	
  1644  007E                     saved_w	set	btemp
  1645  0004  00FE               	movwf	btemp
  1646  0005  0E03               	swapf	3,w
  1647  0006  00F4               	movwf	??_isr+4
  1648  0007  080A               	movf	10,w
  1649  0008  00F5               	movwf	??_isr+5
  1650  0009  120A  118A  28FD   	ljmp	_isr


Data Sizes:
    Strings     0
    Constant    0
    Data        10
    BSS         10
    Persistent  0
    Stack       0

Auto Spaces:
    Space          Size  Autos    Used
    COMMON           14     10      14
    BANK0            80     36      52
    BANK1            80      0       0
    BANK3            96      0       0
    BANK2            96      0       0

Pointer List with Targets:

    display@data	PTR unsigned char  size(1) Largest target is 4
		 -> main@ssd(BANK0[4]), 


Critical Paths under _main in COMMON

    None.

Critical Paths under _isr in COMMON

    None.

Critical Paths under _main in BANK0

    _main->___lwmod
    ___lwmod->___lwdiv

Critical Paths under _isr in BANK0

    None.

Critical Paths under _main in BANK1

    None.

Critical Paths under _isr in BANK1

    None.

Critical Paths under _main in BANK3

    None.

Critical Paths under _isr in BANK3

    None.

Critical Paths under _main in BANK2

    None.

Critical Paths under _isr in BANK2

    None.

Call Graph Tables:

 ---------------------------------------------------------------------------------
 (Depth) Function   	        Calls       Base Space   Used Autos Params    Refs
 ---------------------------------------------------------------------------------
 (0) _main                                                22    22      0    1683
                                             14 BANK0     22    22      0
                            ___lwdiv
                            ___lwmod
                            _display
                        _init_config
 ---------------------------------------------------------------------------------
 (1) _init_config                                          0     0      0       0
                           _init_ssd
                        _init_timer2
 ---------------------------------------------------------------------------------
 (2) _init_timer2                                          0     0      0       0
 ---------------------------------------------------------------------------------
 (2) _init_ssd                                             0     0      0       0
 ---------------------------------------------------------------------------------
 (1) _display                                              5     5      0     168
                                              0 BANK0      5     5      0
 ---------------------------------------------------------------------------------
 (1) ___lwmod                                              6     2      4     767
                                              8 BANK0      6     2      4
                            ___lwdiv (ARG)
 ---------------------------------------------------------------------------------
 (1) ___lwdiv                                              8     4      4     466
                                              0 BANK0      8     4      4
 ---------------------------------------------------------------------------------
 Estimated maximum stack depth 2
 ---------------------------------------------------------------------------------
 (Depth) Function   	        Calls       Base Space   Used Autos Params    Refs
 ---------------------------------------------------------------------------------
 (3) _isr                                                 10    10      0      23
                                              0 COMMON    10    10      0
 ---------------------------------------------------------------------------------
 Estimated maximum stack depth 3
 ---------------------------------------------------------------------------------

 Call Graph Graphs:

 _main (ROOT)
   ___lwdiv
   ___lwmod
     ___lwdiv (ARG)
   _display
   _init_config
     _init_ssd
     _init_timer2

 _isr (ROOT)

 Address spaces:
Name               Size   Autos  Total    Cost      Usage
BANK3               60      0       0       9        0.0%
BITBANK3            60      0       0       8        0.0%
SFR3                 0      0       0       4        0.0%
BITSFR3              0      0       0       4        0.0%
BANK2               60      0       0      11        0.0%
BITBANK2            60      0       0      10        0.0%
SFR2                 0      0       0       5        0.0%
BITSFR2              0      0       0       5        0.0%
BANK1               50      0       0       7        0.0%
BITBANK1            50      0       0       6        0.0%
SFR1                 0      0       0       2        0.0%
BITSFR1              0      0       0       2        0.0%
BANK0               50     24      34       5       65.0%
BITBANK0            50      0       0       4        0.0%
SFR0                 0      0       0       1        0.0%
BITSFR0              0      0       0       1        0.0%
COMMON               E      A       E       1      100.0%
BITCOMMON            E      0       0       0        0.0%
CODE                 0      0       0       0        0.0%
DATA                 0      0      42      12        0.0%
ABS                  0      0      42       3        0.0%
NULL                 0      0       0       0        0.0%
STACK                0      0       0       2        0.0%
EEDATA             100      0       0       0        0.0%


Microchip Technology PIC Macro Assembler V2.10 build 88905656 
Symbol Table                                                                                   Sat Jun  6 03:52:27 2020

                      pc 0002                       l13 0261                       l32 0254  
                     l41 00EF                       l64 0234                       l56 026D  
                     fsr 0004                      l445 01C2                      l455 01FE  
                    l811 0265                      l803 0255                      l821 0202  
                    l813 0268                      l805 025C                      l901 00DC  
                    l831 0218                      l807 025E                      l815 0248  
                    l903 00E2                      l841 0181                      l833 021C  
                    l809 0262                      l817 0252                      l905 00E4  
                    l851 0199                      l843 0187                      l835 022A  
                    l827 0203                      l819 0253                      l907 00EB  
                    l853 01AA                      l845 018A                      l861 01BE  
                    l837 022E                      l829 020B                      l909 00F3  
                    l855 01B0                      l847 0191                      l839 017D  
                    l871 01D5                      l857 01B1                      l849 0195  
                    l881 01F4                      l873 01D9                      l865 01C3  
                    l859 01B8                      l875 01DD                      l867 01CB  
                    l883 01FA                      l891 0036                      l877 01E7  
                    l869 01CE                      l893 004B                      l879 01ED  
                    l895 004F                      l887 002B                      l897 005B  
                    l889 0030                      l899 00D5                      _GIE 005F  
                    u310 0199                      u311 0198                      u305 018B  
                    u330 01AA                      u410 01FA                      u331 01A9  
                    u411 01F9                      u420 003E                      u325 019A  
                    u405 01EE                      u350 01BE                      u270 022A  
                    u430 005B                      _PR2 0092                      u351 01BD  
                    u335 01A6                      u271 0229                      u431 005A  
                    u360 01CB                      u280 0234                      u264 0211  
                    u440 00DC                      u345 01B2                      u361 01CA  
                    u281 0233                      u265 020F                      u441 00DB  
                    u290 0187                      u450 00EB                      u291 0186  
                    u451 00EA                      u435 0057                      u380 01DD  
                    u381 01DC                      u390 01E7                      u391 01E6  
                    u375 01CF                      u395 01E3                      _min 0052  
                    _isr 00FD                      fsr0 0004                      indf 0000  
                   ?_isr 0070                     _PEIE 005E                     i1l87 0176  
            display@data 0023                     _main 002B                     btemp 007E  
                   isr@i 0076                     start 000C                    ??_isr 0070  
                  ?_main 0070            __CFG_WDTE$OFF 0000          __end_of___lwdiv 01C3  
        __end_of___lwmod 01FF             ?_init_config 0070                    i1l911 00FD  
                  i1l921 0147                    i1l913 0103                    i1l923 0171  
                  i1l915 011E                    i1l925 0173                    i1l917 012C  
                  i1l919 013B                    u50_20 0171                    u50_21 0170  
                  _PORTA 0005                    _PORTD 0008                    u46_20 0103  
                  u46_21 0102                    u47_20 011E                    u47_21 011D  
                  u48_20 013B                    u48_21 013A                    u49_20 0163  
                  _TRISA 0085                    u49_25 0156                    u49_26 0157  
                  _TRISD 0088                    u49_27 015C                    u49_28 015D  
                  u49_29 0162             ?_init_timer2 0070             display@digit 0024  
        __end_of_display 0235                    _count 007C                    pclath 000A  
                  status 0003                    wtemp0 007E          __initialization 000F  
           __end_of_main 00FD                   ??_main 002E                   _TMR2IE 0461  
                 _TMR2IF 0061                   _TMR2ON 0092                ??___lwdiv 0024  
              ??___lwmod 002C         __end_of_init_ssd 026E                   main@hr 0042  
              ??_display 0020                   saved_w 007E  __end_of__initialization 0027  
         __pcstackCOMMON 0070             __pidataBANK0 026E     __size_of_init_config 000D  
   __size_of_init_timer2 000D               __pbssBANK0 004E               __pmaintext 002B  
             __pintentry 0004                  _T2CKPS0 0090                  _T2CKPS1 0091  
              ?_init_ssd 0070                  ___lwdiv 017D                  ___lwmod 01C3  
                _decimal 007A                  __ptext1 0248                  __ptext2 0255  
                __ptext3 0262                  __ptext4 01FF                  __ptext5 01C3  
                __ptext6 017D                  __ptext7 00FD                  _display 01FF  
           __size_of_isr 0080                  main@ssd 003C     end_of_initialization 0027  
             ??_init_ssd 0020      start_initialization 000F              __end_of_isr 017D  
             init_fetch0 0235              __pdataBANK0 0044            ??_init_config 0020  
          ??_init_timer2 0020              __pbssCOMMON 007A                ___latbits 0002  
          __pcstackBANK0 0020        __size_of_init_ssd 000C         ___lwdiv@dividend 0022  
               ?___lwdiv 0020                 ?___lwmod 0028                 ?_display 0070  
       ___lwdiv@quotient 0025      __end_of_init_config 0255      __end_of_init_timer2 0262  
      interrupt_function 0004                main@digit 0032         __size_of___lwdiv 0046  
       __size_of___lwmod 003C              _init_config 0248         __size_of_display 0036  
            _init_timer2 0255          ___lwdiv@divisor 0020          ___lwdiv@counter 0027  
          __size_of_main 00D2                 _init_ssd 0262                 main@F860 0044  
               display@i 0021                 isr@count 004E                 init_ram0 0239  
        main@prev_minute 0040                 intlevel1 0000         ___lwmod@dividend 002A  
        ___lwmod@divisor 0028          ___lwmod@counter 002D  
